Log file open, 10/29/19 16:22:16
LogWindows: Failed to load 'aqProf.dll' (GetLastError=126)
LogWindows: File 'aqProf.dll' does not exist
LogWindows: Failed to load 'VtuneApi.dll' (GetLastError=126)
LogWindows: File 'VtuneApi.dll' does not exist
LogWindows: Failed to load 'VtuneApi32e.dll' (GetLastError=126)
LogWindows: File 'VtuneApi32e.dll' does not exist
LogConsoleResponse: Display: Failed to find resolution value strings in scalability ini. Falling back to default.
LogInit: Display: Running engine for game: Practica2
LogPakFile: Registered encryption key '00000000000000000000000000000000': 0 pak files mounted, 0 remain pending
LogPlatformFile: Not using cached read wrapper
LogTaskGraph: Started task graph with 5 named threads and 23 total threads with 3 sets of task threads.
LogStats: Stats thread started at 0.262885
LogD3D11RHI: Loaded GFSDK_Aftermath_Lib.x64.dll
LogICUInternationalization: ICU TimeZone Detection - Raw Offset: +1:00, Platform Override: ''
LogPluginManager: Mounting plugin Paper2D
LogPluginManager: Mounting plugin AISupport
LogPluginManager: Mounting plugin LightPropagationVolume
LogPluginManager: Mounting plugin ActorLayerUtilities
LogPluginManager: Mounting plugin AnimationSharing
LogPluginManager: Mounting plugin CLionSourceCodeAccess
LogPluginManager: Mounting plugin CodeLiteSourceCodeAccess
LogPluginManager: Mounting plugin GitSourceControl
LogPluginManager: Mounting plugin KDevelopSourceCodeAccess
LogPluginManager: Mounting plugin NullSourceCodeAccess
LogPluginManager: Mounting plugin PerforceSourceControl
LogPluginManager: Mounting plugin SubversionSourceControl
LogPluginManager: Mounting plugin UObjectPlugin
LogPluginManager: Mounting plugin VisualStudioCodeSourceCodeAccess
LogPluginManager: Mounting plugin VisualStudioSourceCodeAccess
LogPluginManager: Mounting plugin XCodeSourceCodeAccess
LogPluginManager: Mounting plugin AssetManagerEditor
LogPluginManager: Mounting plugin CryptoKeys
LogPluginManager: Mounting plugin DataValidation
LogPluginManager: Mounting plugin FacialAnimation
LogPluginManager: Mounting plugin GameplayTagsEditor
LogPluginManager: Mounting plugin MacGraphicsSwitching
LogPluginManager: Mounting plugin MaterialAnalyzer
LogPluginManager: Mounting plugin MobileLauncherProfileWizard
LogPluginManager: Mounting plugin PluginBrowser
LogPluginManager: Mounting plugin SpeedTreeImporter
LogPluginManager: Mounting plugin DatasmithContent
LogPluginManager: Mounting plugin VariantManagerContent
LogPluginManager: Mounting plugin AlembicImporter
LogPluginManager: Mounting plugin AppleImageUtils
LogPluginManager: Mounting plugin AppleVision
LogPluginManager: Mounting plugin BackChannel
LogPluginManager: Mounting plugin CharacterAI
LogPluginManager: Mounting plugin GeometryCache
LogPluginManager: Mounting plugin HTML5Networking
LogPluginManager: Mounting plugin ProxyLODPlugin
LogPluginManager: Mounting plugin SkeletalReduction
LogPluginManager: Mounting plugin MagicLeap
LogPluginManager: Mounting plugin MagicLeapMedia
LogPluginManager: Mounting plugin AndroidMedia
LogPluginManager: Mounting plugin AvfMedia
LogPluginManager: Mounting plugin ImgMedia
LogPluginManager: Mounting plugin LinearTimecode
LogPluginManager: Mounting plugin MediaCompositing
LogPluginManager: Mounting plugin MediaPlayerEditor
LogPluginManager: Mounting plugin WebMMedia
LogPluginManager: Mounting plugin WmfMedia
LogPluginManager: Mounting plugin TcpMessaging
LogPluginManager: Mounting plugin UdpMessaging
LogPluginManager: Mounting plugin ActorSequence
LogPluginManager: Mounting plugin LevelSequenceEditor
LogPluginManager: Mounting plugin MatineeToLevelSequence
LogPluginManager: Mounting plugin NetcodeUnitTest
LogPluginManager: Mounting plugin NUTUnrealEngine4
LogPluginManager: Mounting plugin OnlineSubsystemGooglePlay
LogPluginManager: Mounting plugin OnlineSubsystemIOS
LogPluginManager: Mounting plugin OnlineSubsystem
LogPluginManager: Mounting plugin OnlineSubsystemNull
LogPluginManager: Mounting plugin OnlineSubsystemUtils
LogPluginManager: Mounting plugin LauncherChunkInstaller
LogPluginManager: Mounting plugin AndroidDeviceProfileSelector
LogPluginManager: Mounting plugin AndroidMoviePlayer
LogPluginManager: Mounting plugin AndroidPermission
LogPluginManager: Mounting plugin AppleMoviePlayer
LogPluginManager: Mounting plugin ArchVisCharacter
LogPluginManager: Mounting plugin AudioCapture
LogPluginManager: Mounting plugin CableComponent
LogPluginManager: Mounting plugin CustomMeshComponent
LogPluginManager: Mounting plugin EditableMesh
LogPluginManager: Mounting plugin ExampleDeviceProfileSelector
LogPluginManager: Mounting plugin Firebase
LogPluginManager: Mounting plugin GoogleCloudMessaging
LogPluginManager: Mounting plugin IOSDeviceProfileSelector
LogPluginManager: Mounting plugin LinuxDeviceProfileSelector
LogPluginManager: Mounting plugin LocationServicesBPLibrary
LogPluginManager: Mounting plugin MobilePatchingUtils
LogPluginManager: Mounting plugin OculusVR
LogPluginManager: Mounting plugin PhysXVehicles
LogPluginManager: Mounting plugin ProceduralMeshComponent
LogPluginManager: Mounting plugin RuntimePhysXCooking
LogPluginManager: Mounting plugin SignificanceManager
LogPluginManager: Mounting plugin SteamVR
LogPluginManager: Mounting plugin WebMMoviePlayer
LogPluginManager: Mounting plugin WindowsMoviePlayer
LogInit: Using libcurl 7.55.1-DEV
LogInit:  - built for x86_64-pc-win32
LogInit:  - supports SSL with OpenSSL/1.1.1
LogInit:  - supports HTTP deflate (compression) using libz 1.2.8
LogInit:  - other features:
LogInit:      CURL_VERSION_SSL
LogInit:      CURL_VERSION_LIBZ
LogInit:      CURL_VERSION_IPV6
LogInit:      CURL_VERSION_ASYNCHDNS
LogInit:      CURL_VERSION_LARGEFILE
LogInit:      CURL_VERSION_IDN
LogInit:  CurlRequestOptions (configurable via config and command line):
LogInit:  - bVerifyPeer = true  - Libcurl will verify peer certificate
LogInit:  - bUseHttpProxy = false  - Libcurl will NOT use HTTP proxy
LogInit:  - bDontReuseConnections = false  - Libcurl will reuse connections
LogInit:  - MaxHostConnections = 16  - Libcurl will limit the number of connections to a host
LogInit:  - LocalHostAddr = Default
LogInit:  - BufferSize = 65536
LogInit: WinSock: version 1.1 (2.2), MaxSocks=32767, MaxUdp=65467
LogInit: Build: ++UE4+Release-4.22-CL-7053642
LogInit: Engine Version: 4.22.3-7053642+++UE4+Release-4.22
LogInit: Compatible Engine Version: 4.22.0-5660361+++UE4+Release-4.22
LogInit: Net CL: 5660361
LogInit: OS: Windows 10 (Release 1809) (), CPU: Intel(R) Core(TM) i7-7700K CPU @ 4.20GHz, GPU: NVIDIA GeForce GTX 1080 Ti
LogInit: Compiled (64-bit): Jun 18 2019 03:09:11
LogInit: Compiled with Visual C++: 19.16.27025.01
LogInit: Build Configuration: Development
LogInit: Branch Name: ++UE4+Release-4.22
LogInit: Command Line:  -EpicPortal -epicusername=JChus7 -epicuserid=a50ddc889ef3471680bcbe174a513aed -epiclocale=es-ES
LogInit: Base Directory: C:/Program Files/Epic Games/UE_4.22/Engine/Binaries/Win64/
LogInit: Installed Engine Build: 1
LogDevObjectVersion: Number of dev versions registered: 23
LogDevObjectVersion:   Dev-Blueprints (B0D832E4-1F89-4F0D-ACCF-7EB736FD4AA2): 10
LogDevObjectVersion:   Dev-Build (E1C64328-A22C-4D53-A36C-8E866417BD8C): 0
LogDevObjectVersion:   Dev-Core (375EC13C-06E4-48FB-B500-84F0262A717E): 3
LogDevObjectVersion:   Dev-Editor (E4B068ED-F494-42E9-A231-DA0B2E46BB41): 30
LogDevObjectVersion:   Dev-Framework (CFFC743F-43B0-4480-9391-14DF171D2073): 35
LogDevObjectVersion:   Dev-Mobile (B02B49B5-BB20-44E9-A304-32B752E40360): 2
LogDevObjectVersion:   Dev-Networking (A4E4105C-59A1-49B5-A7C5-40C4547EDFEE): 0
LogDevObjectVersion:   Dev-Online (39C831C9-5AE6-47DC-9A44-9C173E1C8E7C): 0
LogDevObjectVersion:   Dev-Physics (78F01B33-EBEA-4F98-B9B4-84EACCB95AA2): 0
LogDevObjectVersion:   Dev-Platform (6631380F-2D4D-43E0-8009-CF276956A95A): 0
LogDevObjectVersion:   Dev-Rendering (12F88B9F-8875-4AFC-A67C-D90C383ABD29): 28
LogDevObjectVersion:   Dev-Sequencer (7B5AE74C-D270-4C10-A958-57980B212A5A): 11
LogDevObjectVersion:   Dev-VR (D7296918-1DD6-4BDD-9DE2-64A83CC13884): 2
LogDevObjectVersion:   Dev-LoadTimes (C2A15278-BFE7-4AFE-6C17-90FF531DF755): 1
LogDevObjectVersion:   Private-Geometry (6EACA3D4-40EC-4CC1-B786-8BED09428FC5): 3
LogDevObjectVersion:   Dev-AnimPhys (29E575DD-E0A3-4627-9D10-D276232CDCEA): 17
LogDevObjectVersion:   Dev-Anim (AF43A65D-7FD3-4947-9873-3E8ED9C1BB05): 2
LogDevObjectVersion:   Dev-ReflectionCapture (6B266CEC-1EC7-4B8F-A30B-E4D90942FC07): 1
LogDevObjectVersion:   Dev-Automation (0DF73D61-A23F-47EA-B727-89E90C41499A): 1
LogDevObjectVersion:   FortniteMain (601D1886-AC64-4F84-AA16-D3DE0DEAC7D6): 25
LogDevObjectVersion:   Dev-Enterprise (9DFFBCD6-494F-0158-E221-12823C92A888): 6
LogDevObjectVersion:   Dev-Niagara (F2AED0AC-9AFE-416F-8664-AA7FFA26D6FC): 1
LogDevObjectVersion:   Dev-Destruction (174F1F0B-B4C6-45A5-B13F-2EE8D0FB917D): 2
LogInit: Presizing for max 16777216 objects, including 0 objects not considered by GC, pre-allocating 0 bytes for permanent pool.
LogInit: Object subsystem initialized
LogConfig: Setting CVar [[con.DebugEarlyDefault:1]]
LogConfig: Setting CVar [[r.setres:1280x720]]
[2019.10.29-15.22.16:555][  0]LogConfig: Setting CVar [[r.VSync:0]]
[2019.10.29-15.22.16:555][  0]LogConfig: Setting CVar [[r.RHICmdBypass:0]]
[2019.10.29-15.22.16:555][  0]LogConfig: Applying CVar settings from Section [/Script/Engine.RendererSettings] File [C:/git/DVI/Practicas/Practica2/Saved/Config/Windows/Engine.ini]
[2019.10.29-15.22.16:555][  0]LogConfig: Setting CVar [[r.GPUCrashDebugging:0]]
[2019.10.29-15.22.16:555][  0]LogConfig: Applying CVar settings from Section [/Script/Engine.RendererOverrideSettings] File [C:/git/DVI/Practicas/Practica2/Saved/Config/Windows/Engine.ini]
[2019.10.29-15.22.16:555][  0]LogConfig: Applying CVar settings from Section [/Script/Engine.StreamingSettings] File [C:/git/DVI/Practicas/Practica2/Saved/Config/Windows/Engine.ini]
[2019.10.29-15.22.16:555][  0]LogConfig: Setting CVar [[s.MinBulkDataSizeForAsyncLoading:131072]]
[2019.10.29-15.22.16:555][  0]LogConfig: Setting CVar [[s.AsyncLoadingThreadEnabled:0]]
[2019.10.29-15.22.16:555][  0]LogConfig: Setting CVar [[s.EventDrivenLoaderEnabled:1]]
[2019.10.29-15.22.16:555][  0]LogConfig: Setting CVar [[s.WarnIfTimeLimitExceeded:0]]
[2019.10.29-15.22.16:555][  0]LogConfig: Setting CVar [[s.TimeLimitExceededMultiplier:1.5]]
[2019.10.29-15.22.16:555][  0]LogConfig: Setting CVar [[s.TimeLimitExceededMinTime:0.005]]
[2019.10.29-15.22.16:555][  0]LogConfig: Setting CVar [[s.UseBackgroundLevelStreaming:1]]
[2019.10.29-15.22.16:555][  0]LogConfig: Setting CVar [[s.PriorityAsyncLoadingExtraTime:15.0]]
[2019.10.29-15.22.16:555][  0]LogConfig: Setting CVar [[s.LevelStreamingActorsUpdateTimeLimit:5.0]]
[2019.10.29-15.22.16:555][  0]LogConfig: Setting CVar [[s.PriorityLevelStreamingActorsUpdateExtraTime:5.0]]
[2019.10.29-15.22.16:555][  0]LogConfig: Setting CVar [[s.LevelStreamingComponentsRegistrationGranularity:10]]
[2019.10.29-15.22.16:555][  0]LogConfig: Setting CVar [[s.UnregisterComponentsTimeLimit:1.0]]
[2019.10.29-15.22.16:555][  0]LogConfig: Setting CVar [[s.LevelStreamingComponentsUnregistrationGranularity:5]]
[2019.10.29-15.22.16:555][  0]LogConfig: Applying CVar settings from Section [/Script/Engine.GarbageCollectionSettings] File [C:/git/DVI/Practicas/Practica2/Saved/Config/Windows/Engine.ini]
[2019.10.29-15.22.16:555][  0]LogConfig: Setting CVar [[gc.MaxObjectsNotConsideredByGC:1]]
[2019.10.29-15.22.16:555][  0]LogConfig: Setting CVar [[gc.SizeOfPermanentObjectPool:0]]
[2019.10.29-15.22.16:555][  0]LogConfig: Setting CVar [[gc.FlushStreamingOnGC:0]]
[2019.10.29-15.22.16:555][  0]LogConfig: Setting CVar [[gc.NumRetriesBeforeForcingGC:10]]
[2019.10.29-15.22.16:555][  0]LogConfig: Setting CVar [[gc.AllowParallelGC:1]]
[2019.10.29-15.22.16:555][  0]LogConfig: Setting CVar [[gc.TimeBetweenPurgingPendingKillObjects:61.1]]
[2019.10.29-15.22.16:555][  0]LogConfig: Setting CVar [[gc.MaxObjectsInEditor:16777216]]
[2019.10.29-15.22.16:555][  0]LogConfig: Setting CVar [[gc.IncrementalBeginDestroyEnabled:1]]
[2019.10.29-15.22.16:555][  0]LogConfig: Setting CVar [[gc.CreateGCClusters:1]]
[2019.10.29-15.22.16:555][  0]LogConfig: Setting CVar [[gc.MinGCClusterSize:5]]
[2019.10.29-15.22.16:555][  0]LogConfig: Setting CVar [[gc.ActorClusteringEnabled:0]]
[2019.10.29-15.22.16:555][  0]LogConfig: Setting CVar [[gc.BlueprintClusteringEnabled:0]]
[2019.10.29-15.22.16:556][  0]LogConfig: Setting CVar [[gc.UseDisregardForGCOnDedicatedServers:0]]
[2019.10.29-15.22.16:556][  0]LogConfig: Applying CVar settings from Section [/Script/Engine.NetworkSettings] File [C:/git/DVI/Practicas/Practica2/Saved/Config/Windows/Engine.ini]
[2019.10.29-15.22.16:556][  0]LogConfig: Applying CVar settings from Section [/Script/UnrealEd.CookerSettings] File [C:/git/DVI/Practicas/Practica2/Saved/Config/Windows/Engine.ini]
[2019.10.29-15.22.16:557][  0]LogConfig: Applying CVar settings from Section [ViewDistanceQuality@3] File [C:/git/DVI/Practicas/Practica2/Saved/Config/Windows/Scalability.ini]
[2019.10.29-15.22.16:557][  0]LogConfig: Setting CVar [[r.SkeletalMeshLODBias:0]]
[2019.10.29-15.22.16:557][  0]LogConfig: Setting CVar [[r.ViewDistanceScale:1.0]]
[2019.10.29-15.22.16:557][  0]LogConfig: Applying CVar settings from Section [AntiAliasingQuality@3] File [C:/git/DVI/Practicas/Practica2/Saved/Config/Windows/Scalability.ini]
[2019.10.29-15.22.16:557][  0]LogConfig: Setting CVar [[r.PostProcessAAQuality:4]]
[2019.10.29-15.22.16:557][  0]LogConfig: Applying CVar settings from Section [ShadowQuality@3] File [C:/git/DVI/Practicas/Practica2/Saved/Config/Windows/Scalability.ini]
[2019.10.29-15.22.16:557][  0]LogConfig: Setting CVar [[r.LightFunctionQuality:1]]
[2019.10.29-15.22.16:557][  0]LogConfig: Setting CVar [[r.ShadowQuality:5]]
[2019.10.29-15.22.16:557][  0]LogConfig: Setting CVar [[r.Shadow.CSM.MaxCascades:10]]
[2019.10.29-15.22.16:557][  0]LogConfig: Setting CVar [[r.Shadow.MaxResolution:2048]]
[2019.10.29-15.22.16:557][  0]LogConfig: Setting CVar [[r.Shadow.MaxCSMResolution:2048]]
[2019.10.29-15.22.16:557][  0]LogConfig: Setting CVar [[r.Shadow.RadiusThreshold:0.01]]
[2019.10.29-15.22.16:557][  0]LogConfig: Setting CVar [[r.Shadow.DistanceScale:1.0]]
[2019.10.29-15.22.16:557][  0]LogConfig: Setting CVar [[r.Shadow.CSM.TransitionScale:1.0]]
[2019.10.29-15.22.16:557][  0]LogConfig: Setting CVar [[r.Shadow.PreShadowResolutionFactor:1.0]]
[2019.10.29-15.22.16:557][  0]LogConfig: Setting CVar [[r.DistanceFieldShadowing:1]]
[2019.10.29-15.22.16:557][  0]LogConfig: Setting CVar [[r.DistanceFieldAO:1]]
[2019.10.29-15.22.16:557][  0]LogConfig: Setting CVar [[r.AOQuality:2]]
[2019.10.29-15.22.16:557][  0]LogConfig: Setting CVar [[r.VolumetricFog:1]]
[2019.10.29-15.22.16:557][  0]LogConfig: Setting CVar [[r.VolumetricFog.GridPixelSize:8]]
[2019.10.29-15.22.16:557][  0]LogConfig: Setting CVar [[r.VolumetricFog.GridSizeZ:128]]
[2019.10.29-15.22.16:557][  0]LogConfig: Setting CVar [[r.VolumetricFog.HistoryMissSupersampleCount:4]]
[2019.10.29-15.22.16:557][  0]LogConfig: Setting CVar [[r.LightMaxDrawDistanceScale:1]]
[2019.10.29-15.22.16:557][  0]LogConfig: Setting CVar [[r.CapsuleShadows:1]]
[2019.10.29-15.22.16:557][  0]LogConfig: Applying CVar settings from Section [PostProcessQuality@3] File [C:/git/DVI/Practicas/Practica2/Saved/Config/Windows/Scalability.ini]
[2019.10.29-15.22.16:557][  0]LogConfig: Setting CVar [[r.MotionBlurQuality:4]]
[2019.10.29-15.22.16:557][  0]LogConfig: Setting CVar [[r.AmbientOcclusionMipLevelFactor:0.4]]
[2019.10.29-15.22.16:557][  0]LogConfig: Setting CVar [[r.AmbientOcclusionMaxQuality:100]]
[2019.10.29-15.22.16:557][  0]LogConfig: Setting CVar [[r.AmbientOcclusionLevels:-1]]
[2019.10.29-15.22.16:557][  0]LogConfig: Setting CVar [[r.AmbientOcclusionRadiusScale:1.0]]
[2019.10.29-15.22.16:557][  0]LogConfig: Setting CVar [[r.DepthOfFieldQuality:2]]
[2019.10.29-15.22.16:557][  0]LogConfig: Setting CVar [[r.RenderTargetPoolMin:400]]
[2019.10.29-15.22.16:557][  0]LogConfig: Setting CVar [[r.LensFlareQuality:2]]
[2019.10.29-15.22.16:557][  0]LogConfig: Setting CVar [[r.SceneColorFringeQuality:1]]
[2019.10.29-15.22.16:557][  0]LogConfig: Setting CVar [[r.EyeAdaptationQuality:2]]
[2019.10.29-15.22.16:557][  0]LogConfig: Setting CVar [[r.BloomQuality:5]]
[2019.10.29-15.22.16:557][  0]LogConfig: Setting CVar [[r.FastBlurThreshold:100]]
[2019.10.29-15.22.16:557][  0]LogConfig: Setting CVar [[r.Upscale.Quality:3]]
[2019.10.29-15.22.16:557][  0]LogConfig: Setting CVar [[r.Tonemapper.GrainQuantization:1]]
[2019.10.29-15.22.16:557][  0]LogConfig: Setting CVar [[r.LightShaftQuality:1]]
[2019.10.29-15.22.16:557][  0]LogConfig: Setting CVar [[r.Filter.SizeScale:1]]
[2019.10.29-15.22.16:557][  0]LogConfig: Setting CVar [[r.Tonemapper.Quality:5]]
[2019.10.29-15.22.16:557][  0]LogConfig: Setting CVar [[r.DOF.Gather.AccumulatorQuality:1        ; higher gathering accumulator quality]]
[2019.10.29-15.22.16:557][  0]LogConfig: Setting CVar [[r.DOF.Gather.PostfilterMethod:1          ; Median3x3 postfilering method]]
[2019.10.29-15.22.16:557][  0]LogConfig: Setting CVar [[r.DOF.Gather.EnableBokehSettings:0       ; no bokeh simulation when gathering]]
[2019.10.29-15.22.16:557][  0]LogConfig: Setting CVar [[r.DOF.Gather.RingCount:4                 ; medium number of samples when gathering]]
[2019.10.29-15.22.16:557][  0]LogConfig: Setting CVar [[r.DOF.Scatter.ForegroundCompositing:1    ; additive foreground scattering]]
[2019.10.29-15.22.16:557][  0]LogConfig: Setting CVar [[r.DOF.Scatter.BackgroundCompositing:2    ; additive background scattering]]
[2019.10.29-15.22.16:557][  0]LogConfig: Setting CVar [[r.DOF.Scatter.EnableBokehSettings:1      ; bokeh simulation when scattering]]
[2019.10.29-15.22.16:557][  0]LogConfig: Setting CVar [[r.DOF.Scatter.MaxSpriteRatio:0.1         ; only a maximum of 10% of scattered bokeh]]
[2019.10.29-15.22.16:557][  0]LogConfig: Setting CVar [[r.DOF.Recombine.Quality:1                ; cheap slight out of focus]]
[2019.10.29-15.22.16:557][  0]LogConfig: Setting CVar [[r.DOF.Recombine.EnableBokehSettings:0    ; no bokeh simulation on slight out of focus]]
[2019.10.29-15.22.16:557][  0]LogConfig: Setting CVar [[r.DOF.TemporalAAQuality:1                ; more stable temporal accumulation]]
[2019.10.29-15.22.16:557][  0]LogConfig: Setting CVar [[r.DOF.Kernel.MaxForegroundRadius:0.025]]
[2019.10.29-15.22.16:557][  0]LogConfig: Setting CVar [[r.DOF.Kernel.MaxBackgroundRadius:0.025]]
[2019.10.29-15.22.16:557][  0]LogConfig: Applying CVar settings from Section [TextureQuality@3] File [C:/git/DVI/Practicas/Practica2/Saved/Config/Windows/Scalability.ini]
[2019.10.29-15.22.16:558][  0]LogConfig: Setting CVar [[r.Streaming.MipBias:0]]
[2019.10.29-15.22.16:558][  0]LogConfig: Setting CVar [[r.Streaming.AmortizeCPUToGPUCopy:0]]
[2019.10.29-15.22.16:558][  0]LogConfig: Setting CVar [[r.Streaming.MaxNumTexturesToStreamPerFrame:0]]
[2019.10.29-15.22.16:558][  0]LogConfig: Setting CVar [[r.Streaming.Boost:1]]
[2019.10.29-15.22.16:558][  0]LogConfig: Setting CVar [[r.MaxAnisotropy:8]]
[2019.10.29-15.22.16:558][  0]LogConfig: Setting CVar [[r.Streaming.LimitPoolSizeToVRAM:0]]
[2019.10.29-15.22.16:558][  0]LogConfig: Setting CVar [[r.Streaming.PoolSize:1000]]
[2019.10.29-15.22.16:558][  0]LogConfig: Setting CVar [[r.Streaming.MaxEffectiveScreenSize:0]]
[2019.10.29-15.22.16:558][  0]LogConfig: Applying CVar settings from Section [EffectsQuality@3] File [C:/git/DVI/Practicas/Practica2/Saved/Config/Windows/Scalability.ini]
[2019.10.29-15.22.16:558][  0]LogConfig: Setting CVar [[r.TranslucencyLightingVolumeDim:64]]
[2019.10.29-15.22.16:558][  0]LogConfig: Setting CVar [[r.RefractionQuality:2]]
[2019.10.29-15.22.16:558][  0]LogConfig: Setting CVar [[r.SSR.Quality:3]]
[2019.10.29-15.22.16:558][  0]LogConfig: Setting CVar [[r.SceneColorFormat:4]]
[2019.10.29-15.22.16:558][  0]LogConfig: Setting CVar [[r.DetailMode:2]]
[2019.10.29-15.22.16:558][  0]LogConfig: Setting CVar [[r.TranslucencyVolumeBlur:1]]
[2019.10.29-15.22.16:558][  0]LogConfig: Setting CVar [[r.MaterialQualityLevel:1 ; High quality]]
[2019.10.29-15.22.16:558][  0]LogConfig: Setting CVar [[r.SSS.Scale:1]]
[2019.10.29-15.22.16:558][  0]LogConfig: Setting CVar [[r.SSS.SampleSet:2]]
[2019.10.29-15.22.16:558][  0]LogConfig: Setting CVar [[r.SSS.Quality:1]]
[2019.10.29-15.22.16:558][  0]LogConfig: Setting CVar [[r.SSS.HalfRes:1]]
[2019.10.29-15.22.16:558][  0]LogConfig: Setting CVar [[r.EmitterSpawnRateScale:1.0]]
[2019.10.29-15.22.16:558][  0]LogConfig: Setting CVar [[r.ParticleLightQuality:2]]
[2019.10.29-15.22.16:558][  0]LogConfig: Applying CVar settings from Section [FoliageQuality@3] File [C:/git/DVI/Practicas/Practica2/Saved/Config/Windows/Scalability.ini]
[2019.10.29-15.22.16:558][  0]LogConfig: Setting CVar [[foliage.DensityScale:1.0]]
[2019.10.29-15.22.16:558][  0]LogConfig: Setting CVar [[grass.DensityScale:1.0]]
[2019.10.29-15.22.16:558][  0]LogInit: Selected Device Profile: [Windows]
[2019.10.29-15.22.16:558][  0]LogInit: Applying CVar settings loaded from the selected device profile: [Windows]
[2019.10.29-15.22.16:571][  0]LogHAL: Display: Platform has ~ 16 GB [17140359168 / 17179869184 / 16], which maps to Larger [LargestMinGB=32, LargerMinGB=12, DefaultMinGB=8, SmallerMinGB=6, SmallestMinGB=0)
[2019.10.29-15.22.16:571][  0]LogConfig: Setting CVar [[r.Vulkan.UseRealUBs:0		; Required until we fix HLR fall-out]]
[2019.10.29-15.22.16:571][  0]LogInit: Going up to parent DeviceProfile []
[2019.10.29-15.22.16:571][  0]LogConfig: Applying CVar settings from Section [ViewDistanceQuality@3] File [C:/git/DVI/Practicas/Practica2/Saved/Config/Windows/Scalability.ini]
[2019.10.29-15.22.16:571][  0]LogConfig: Setting CVar [[r.SkeletalMeshLODBias:0]]
[2019.10.29-15.22.16:571][  0]LogConfig: Setting CVar [[r.ViewDistanceScale:1.0]]
[2019.10.29-15.22.16:571][  0]LogConfig: Applying CVar settings from Section [AntiAliasingQuality@3] File [C:/git/DVI/Practicas/Practica2/Saved/Config/Windows/Scalability.ini]
[2019.10.29-15.22.16:571][  0]LogConfig: Setting CVar [[r.PostProcessAAQuality:4]]
[2019.10.29-15.22.16:571][  0]LogConfig: Applying CVar settings from Section [ShadowQuality@3] File [C:/git/DVI/Practicas/Practica2/Saved/Config/Windows/Scalability.ini]
[2019.10.29-15.22.16:571][  0]LogConfig: Setting CVar [[r.LightFunctionQuality:1]]
[2019.10.29-15.22.16:571][  0]LogConfig: Setting CVar [[r.ShadowQuality:5]]
[2019.10.29-15.22.16:571][  0]LogConfig: Setting CVar [[r.Shadow.CSM.MaxCascades:10]]
[2019.10.29-15.22.16:571][  0]LogConfig: Setting CVar [[r.Shadow.MaxResolution:2048]]
[2019.10.29-15.22.16:571][  0]LogConfig: Setting CVar [[r.Shadow.MaxCSMResolution:2048]]
[2019.10.29-15.22.16:571][  0]LogConfig: Setting CVar [[r.Shadow.RadiusThreshold:0.01]]
[2019.10.29-15.22.16:571][  0]LogConfig: Setting CVar [[r.Shadow.DistanceScale:1.0]]
[2019.10.29-15.22.16:571][  0]LogConfig: Setting CVar [[r.Shadow.CSM.TransitionScale:1.0]]
[2019.10.29-15.22.16:571][  0]LogConfig: Setting CVar [[r.Shadow.PreShadowResolutionFactor:1.0]]
[2019.10.29-15.22.16:571][  0]LogConfig: Setting CVar [[r.DistanceFieldShadowing:1]]
[2019.10.29-15.22.16:571][  0]LogConfig: Setting CVar [[r.DistanceFieldAO:1]]
[2019.10.29-15.22.16:571][  0]LogConfig: Setting CVar [[r.AOQuality:2]]
[2019.10.29-15.22.16:571][  0]LogConfig: Setting CVar [[r.VolumetricFog:1]]
[2019.10.29-15.22.16:571][  0]LogConfig: Setting CVar [[r.VolumetricFog.GridPixelSize:8]]
[2019.10.29-15.22.16:571][  0]LogConfig: Setting CVar [[r.VolumetricFog.GridSizeZ:128]]
[2019.10.29-15.22.16:571][  0]LogConfig: Setting CVar [[r.VolumetricFog.HistoryMissSupersampleCount:4]]
[2019.10.29-15.22.16:572][  0]LogConfig: Setting CVar [[r.LightMaxDrawDistanceScale:1]]
[2019.10.29-15.22.16:572][  0]LogConfig: Setting CVar [[r.CapsuleShadows:1]]
[2019.10.29-15.22.16:572][  0]LogConfig: Applying CVar settings from Section [PostProcessQuality@3] File [C:/git/DVI/Practicas/Practica2/Saved/Config/Windows/Scalability.ini]
[2019.10.29-15.22.16:572][  0]LogConfig: Setting CVar [[r.MotionBlurQuality:4]]
[2019.10.29-15.22.16:572][  0]LogConfig: Setting CVar [[r.AmbientOcclusionMipLevelFactor:0.4]]
[2019.10.29-15.22.16:572][  0]LogConfig: Setting CVar [[r.AmbientOcclusionMaxQuality:100]]
[2019.10.29-15.22.16:572][  0]LogConfig: Setting CVar [[r.AmbientOcclusionLevels:-1]]
[2019.10.29-15.22.16:572][  0]LogConfig: Setting CVar [[r.AmbientOcclusionRadiusScale:1.0]]
[2019.10.29-15.22.16:572][  0]LogConfig: Setting CVar [[r.DepthOfFieldQuality:2]]
[2019.10.29-15.22.16:572][  0]LogConfig: Setting CVar [[r.RenderTargetPoolMin:400]]
[2019.10.29-15.22.16:572][  0]LogConfig: Setting CVar [[r.LensFlareQuality:2]]
[2019.10.29-15.22.16:572][  0]LogConfig: Setting CVar [[r.SceneColorFringeQuality:1]]
[2019.10.29-15.22.16:572][  0]LogConfig: Setting CVar [[r.EyeAdaptationQuality:2]]
[2019.10.29-15.22.16:572][  0]LogConfig: Setting CVar [[r.BloomQuality:5]]
[2019.10.29-15.22.16:572][  0]LogConfig: Setting CVar [[r.FastBlurThreshold:100]]
[2019.10.29-15.22.16:572][  0]LogConfig: Setting CVar [[r.Upscale.Quality:3]]
[2019.10.29-15.22.16:572][  0]LogConfig: Setting CVar [[r.Tonemapper.GrainQuantization:1]]
[2019.10.29-15.22.16:572][  0]LogConfig: Setting CVar [[r.LightShaftQuality:1]]
[2019.10.29-15.22.16:572][  0]LogConfig: Setting CVar [[r.Filter.SizeScale:1]]
[2019.10.29-15.22.16:572][  0]LogConfig: Setting CVar [[r.Tonemapper.Quality:5]]
[2019.10.29-15.22.16:572][  0]LogConfig: Setting CVar [[r.DOF.Gather.AccumulatorQuality:1        ; higher gathering accumulator quality]]
[2019.10.29-15.22.16:572][  0]LogConfig: Setting CVar [[r.DOF.Gather.PostfilterMethod:1          ; Median3x3 postfilering method]]
[2019.10.29-15.22.16:572][  0]LogConfig: Setting CVar [[r.DOF.Gather.EnableBokehSettings:0       ; no bokeh simulation when gathering]]
[2019.10.29-15.22.16:572][  0]LogConfig: Setting CVar [[r.DOF.Gather.RingCount:4                 ; medium number of samples when gathering]]
[2019.10.29-15.22.16:572][  0]LogConfig: Setting CVar [[r.DOF.Scatter.ForegroundCompositing:1    ; additive foreground scattering]]
[2019.10.29-15.22.16:572][  0]LogConfig: Setting CVar [[r.DOF.Scatter.BackgroundCompositing:2    ; additive background scattering]]
[2019.10.29-15.22.16:572][  0]LogConfig: Setting CVar [[r.DOF.Scatter.EnableBokehSettings:1      ; bokeh simulation when scattering]]
[2019.10.29-15.22.16:572][  0]LogConfig: Setting CVar [[r.DOF.Scatter.MaxSpriteRatio:0.1         ; only a maximum of 10% of scattered bokeh]]
[2019.10.29-15.22.16:572][  0]LogConfig: Setting CVar [[r.DOF.Recombine.Quality:1                ; cheap slight out of focus]]
[2019.10.29-15.22.16:572][  0]LogConfig: Setting CVar [[r.DOF.Recombine.EnableBokehSettings:0    ; no bokeh simulation on slight out of focus]]
[2019.10.29-15.22.16:572][  0]LogConfig: Setting CVar [[r.DOF.TemporalAAQuality:1                ; more stable temporal accumulation]]
[2019.10.29-15.22.16:572][  0]LogConfig: Setting CVar [[r.DOF.Kernel.MaxForegroundRadius:0.025]]
[2019.10.29-15.22.16:572][  0]LogConfig: Setting CVar [[r.DOF.Kernel.MaxBackgroundRadius:0.025]]
[2019.10.29-15.22.16:572][  0]LogConfig: Applying CVar settings from Section [TextureQuality@3] File [C:/git/DVI/Practicas/Practica2/Saved/Config/Windows/Scalability.ini]
[2019.10.29-15.22.16:572][  0]LogConfig: Setting CVar [[r.Streaming.MipBias:0]]
[2019.10.29-15.22.16:572][  0]LogConfig: Setting CVar [[r.Streaming.AmortizeCPUToGPUCopy:0]]
[2019.10.29-15.22.16:572][  0]LogConfig: Setting CVar [[r.Streaming.MaxNumTexturesToStreamPerFrame:0]]
[2019.10.29-15.22.16:572][  0]LogConfig: Setting CVar [[r.Streaming.Boost:1]]
[2019.10.29-15.22.16:572][  0]LogConfig: Setting CVar [[r.MaxAnisotropy:8]]
[2019.10.29-15.22.16:572][  0]LogConfig: Setting CVar [[r.Streaming.LimitPoolSizeToVRAM:0]]
[2019.10.29-15.22.16:572][  0]LogConfig: Setting CVar [[r.Streaming.PoolSize:1000]]
[2019.10.29-15.22.16:572][  0]LogConfig: Setting CVar [[r.Streaming.MaxEffectiveScreenSize:0]]
[2019.10.29-15.22.16:572][  0]LogConfig: Applying CVar settings from Section [EffectsQuality@3] File [C:/git/DVI/Practicas/Practica2/Saved/Config/Windows/Scalability.ini]
[2019.10.29-15.22.16:572][  0]LogConfig: Setting CVar [[r.TranslucencyLightingVolumeDim:64]]
[2019.10.29-15.22.16:572][  0]LogConfig: Setting CVar [[r.RefractionQuality:2]]
[2019.10.29-15.22.16:572][  0]LogConfig: Setting CVar [[r.SSR.Quality:3]]
[2019.10.29-15.22.16:572][  0]LogConfig: Setting CVar [[r.SceneColorFormat:4]]
[2019.10.29-15.22.16:572][  0]LogConfig: Setting CVar [[r.DetailMode:2]]
[2019.10.29-15.22.16:572][  0]LogConfig: Setting CVar [[r.TranslucencyVolumeBlur:1]]
[2019.10.29-15.22.16:572][  0]LogConfig: Setting CVar [[r.MaterialQualityLevel:1 ; High quality]]
[2019.10.29-15.22.16:572][  0]LogConfig: Setting CVar [[r.SSS.Scale:1]]
[2019.10.29-15.22.16:572][  0]LogConfig: Setting CVar [[r.SSS.SampleSet:2]]
[2019.10.29-15.22.16:572][  0]LogConfig: Setting CVar [[r.SSS.Quality:1]]
[2019.10.29-15.22.16:572][  0]LogConfig: Setting CVar [[r.SSS.HalfRes:1]]
[2019.10.29-15.22.16:572][  0]LogConfig: Setting CVar [[r.EmitterSpawnRateScale:1.0]]
[2019.10.29-15.22.16:572][  0]LogConfig: Setting CVar [[r.ParticleLightQuality:2]]
[2019.10.29-15.22.16:572][  0]LogConfig: Applying CVar settings from Section [FoliageQuality@3] File [C:/git/DVI/Practicas/Practica2/Saved/Config/Windows/Scalability.ini]
[2019.10.29-15.22.16:572][  0]LogConfig: Setting CVar [[foliage.DensityScale:1.0]]
[2019.10.29-15.22.16:572][  0]LogConfig: Setting CVar [[grass.DensityScale:1.0]]
[2019.10.29-15.22.16:572][  0]LogConfig: Applying CVar settings from Section [Startup] File [../../../Engine/Config/ConsoleVariables.ini]
[2019.10.29-15.22.16:572][  0]LogConfig: Setting CVar [[net.UseAdaptiveNetUpdateFrequency:0]]
[2019.10.29-15.22.16:572][  0]LogConfig: Setting CVar [[p.chaos.AllowCreatePhysxBodies:1]]
[2019.10.29-15.22.16:572][  0]LogConfig: Applying CVar settings from Section [ConsoleVariables] File [C:/git/DVI/Practicas/Practica2/Saved/Config/Windows/Engine.ini]
[2019.10.29-15.22.16:572][  0]LogInit: Computer: DESKTOP-U1042FA
[2019.10.29-15.22.16:572][  0]LogInit: User: 77chu
[2019.10.29-15.22.16:572][  0]LogInit: CPU Page size=4096, Cores=4
[2019.10.29-15.22.16:572][  0]LogInit: High frequency timer resolution =10.000000 MHz
[2019.10.29-15.22.16:573][  0]LogMemory: Memory total: Physical=16.0GB (16GB approx)
[2019.10.29-15.22.16:573][  0]LogMemory: Platform Memory Stats for Windows
[2019.10.29-15.22.16:573][  0]LogMemory: Process Physical Memory: 96.02 MB used, 96.03 MB peak
[2019.10.29-15.22.16:573][  0]LogMemory: Process Virtual Memory: 90.58 MB used, 90.58 MB peak
[2019.10.29-15.22.16:573][  0]LogMemory: Physical Memory: 5807.96 MB used,  10538.36 MB free, 16346.32 MB total
[2019.10.29-15.22.16:573][  0]LogMemory: Virtual Memory: 4658.02 MB used,  134213072.00 MB free, 134217728.00 MB total
[2019.10.29-15.22.16:719][  0]LogInit: Overriding language with editor language configuration option (en).
[2019.10.29-15.22.16:719][  0]LogInit: Overriding locale with editor locale configuration option (en).
[2019.10.29-15.22.16:831][  0]LogInit: Setting process to per monitor DPI aware
[2019.10.29-15.22.16:851][  0]LogSlate: New Slate User Created.  User Index 0, Is Virtual User: 0
[2019.10.29-15.22.16:851][  0]LogSlate: Slate User Registered.  User Index 0, Is Virtual User: 0
[2019.10.29-15.22.16:966][  0]LogHMD: Failed to initialize OpenVR with code 110
[2019.10.29-15.22.16:966][  0]LogD3D11RHI: D3D11 adapters:
[2019.10.29-15.22.17:012][  0]LogD3D11RHI:    0. 'NVIDIA GeForce GTX 1080 Ti' (Feature Level 11_0)
[2019.10.29-15.22.17:012][  0]LogD3D11RHI:       11127/0/8173 MB DedicatedVideo/DedicatedSystem/SharedSystem, Outputs:1, VendorId:0x10de
[2019.10.29-15.22.17:014][  0]LogD3D11RHI:    1. 'Microsoft Basic Render Driver' (Feature Level 11_0)
[2019.10.29-15.22.17:014][  0]LogD3D11RHI:       0/0/8173 MB DedicatedVideo/DedicatedSystem/SharedSystem, Outputs:0, VendorId:0x1414
[2019.10.29-15.22.17:014][  0]LogD3D11RHI: Chosen D3D11 Adapter: 0
[2019.10.29-15.22.17:020][  0]LogD3D11RHI: Creating new Direct3DDevice
[2019.10.29-15.22.17:020][  0]LogD3D11RHI:     GPU DeviceId: 0x1b06 (for the marketing name, search the web for "GPU Device Id")
[2019.10.29-15.22.17:020][  0]LogWindows: EnumDisplayDevices:
[2019.10.29-15.22.17:020][  0]LogWindows:    0. 'NVIDIA GeForce GTX 1080 Ti' (P:1 D:1)
[2019.10.29-15.22.17:020][  0]LogWindows:    1. 'NVIDIA GeForce GTX 1080 Ti' (P:0 D:0)
[2019.10.29-15.22.17:020][  0]LogWindows:    2. 'NVIDIA GeForce GTX 1080 Ti' (P:0 D:0)
[2019.10.29-15.22.17:021][  0]LogWindows:    3. 'NVIDIA GeForce GTX 1080 Ti' (P:0 D:0)
[2019.10.29-15.22.17:021][  0]LogWindows: DebugString: FoundDriverCount:4 
[2019.10.29-15.22.17:021][  0]LogD3D11RHI:     Adapter Name: NVIDIA GeForce GTX 1080 Ti
[2019.10.29-15.22.17:021][  0]LogD3D11RHI:   Driver Version: 416.16 (internal:25.21.14.1616, unified:416.16)
[2019.10.29-15.22.17:021][  0]LogD3D11RHI:      Driver Date: 10-2-2018
[2019.10.29-15.22.17:021][  0]LogRHI: Texture pool is 7788 MB (70% of 11127 MB)
[2019.10.29-15.22.17:059][  0]LogD3D11RHI: Async texture creation enabled
[2019.10.29-15.22.17:062][  0]LogRendererCore: FGlobalReadBuffer::InitRHI
[2019.10.29-15.22.17:063][  0]LogRendererCore: FGlobalReadBuffer::InitRHI
[2019.10.29-15.22.17:063][  0]LogRendererCore: FGlobalReadBuffer::InitRHI
[2019.10.29-15.22.17:076][  0]LogD3D11RHI: GPU Timing Frequency: 1000.000000 (Debug: 2 2)
[2019.10.29-15.22.17:298][  0]LogTemp: Display: Module 'AllDesktopTargetPlatform' loaded TargetPlatform 'AllDesktop'
[2019.10.29-15.22.17:308][  0]LogTemp: Display: Module 'MacClientTargetPlatform' loaded TargetPlatform 'MacClient'
[2019.10.29-15.22.17:318][  0]LogTemp: Display: Module 'MacNoEditorTargetPlatform' loaded TargetPlatform 'MacNoEditor'
[2019.10.29-15.22.17:328][  0]LogTemp: Display: Module 'MacServerTargetPlatform' loaded TargetPlatform 'MacServer'
[2019.10.29-15.22.17:338][  0]LogTemp: Display: Module 'MacTargetPlatform' loaded TargetPlatform 'Mac'
[2019.10.29-15.22.17:347][  0]LogTemp: Display: Module 'WindowsClientTargetPlatform' loaded TargetPlatform 'WindowsClient'
[2019.10.29-15.22.17:358][  0]LogTemp: Display: Module 'WindowsNoEditorTargetPlatform' loaded TargetPlatform 'WindowsNoEditor'
[2019.10.29-15.22.17:369][  0]LogTemp: Display: Module 'WindowsServerTargetPlatform' loaded TargetPlatform 'WindowsServer'
[2019.10.29-15.22.17:374][  0]LogTemp: Display: Module 'WindowsTargetPlatform' loaded TargetPlatform 'Windows'
[2019.10.29-15.22.17:434][  0]LogTemp: Display: Module 'AndroidTargetPlatform' loaded TargetPlatform 'Android'
[2019.10.29-15.22.17:434][  0]LogTemp: Display: Module 'AndroidTargetPlatform' loaded TargetPlatform 'Android_ASTC'
[2019.10.29-15.22.17:434][  0]LogTemp: Display: Module 'AndroidTargetPlatform' loaded TargetPlatform 'Android_ATC'
[2019.10.29-15.22.17:434][  0]LogTemp: Display: Module 'AndroidTargetPlatform' loaded TargetPlatform 'Android_DXT'
[2019.10.29-15.22.17:434][  0]LogTemp: Display: Module 'AndroidTargetPlatform' loaded TargetPlatform 'Android_ETC1'
[2019.10.29-15.22.17:434][  0]LogTemp: Display: Module 'AndroidTargetPlatform' loaded TargetPlatform 'Android_ETC1a'
[2019.10.29-15.22.17:434][  0]LogTemp: Display: Module 'AndroidTargetPlatform' loaded TargetPlatform 'Android_ETC2'
[2019.10.29-15.22.17:434][  0]LogTemp: Display: Module 'AndroidTargetPlatform' loaded TargetPlatform 'Android_PVRTC'
[2019.10.29-15.22.17:434][  0]LogTemp: Display: Module 'AndroidTargetPlatform' loaded TargetPlatform 'AndroidClient'
[2019.10.29-15.22.17:434][  0]LogTemp: Display: Module 'AndroidTargetPlatform' loaded TargetPlatform 'Android_ASTCClient'
[2019.10.29-15.22.17:434][  0]LogTemp: Display: Module 'AndroidTargetPlatform' loaded TargetPlatform 'Android_ATCClient'
[2019.10.29-15.22.17:434][  0]LogTemp: Display: Module 'AndroidTargetPlatform' loaded TargetPlatform 'Android_DXTClient'
[2019.10.29-15.22.17:434][  0]LogTemp: Display: Module 'AndroidTargetPlatform' loaded TargetPlatform 'Android_ETC1Client'
[2019.10.29-15.22.17:434][  0]LogTemp: Display: Module 'AndroidTargetPlatform' loaded TargetPlatform 'Android_ETC1aClient'
[2019.10.29-15.22.17:434][  0]LogTemp: Display: Module 'AndroidTargetPlatform' loaded TargetPlatform 'Android_ETC2Client'
[2019.10.29-15.22.17:434][  0]LogTemp: Display: Module 'AndroidTargetPlatform' loaded TargetPlatform 'Android_PVRTCClient'
[2019.10.29-15.22.17:434][  0]LogTemp: Display: Module 'AndroidTargetPlatform' loaded TargetPlatform 'Android_Multi'
[2019.10.29-15.22.17:434][  0]LogTemp: Display: Module 'AndroidTargetPlatform' loaded TargetPlatform 'Android_MultiClient'
[2019.10.29-15.22.17:435][  0]LogTemp: Display: Module 'HTML5TargetPlatform' loaded TargetPlatform 'HTML5'
[2019.10.29-15.22.17:476][  0]LogTemp: Display: Module 'IOSTargetPlatform' loaded TargetPlatform 'IOSClient'
[2019.10.29-15.22.17:476][  0]LogTemp: Display: Module 'IOSTargetPlatform' loaded TargetPlatform 'IOS'
[2019.10.29-15.22.17:493][  0]LogTemp: Display: Module 'TVOSTargetPlatform' loaded TargetPlatform 'TVOSClient'
[2019.10.29-15.22.17:493][  0]LogTemp: Display: Module 'TVOSTargetPlatform' loaded TargetPlatform 'TVOS'
[2019.10.29-15.22.17:501][  0]LogTemp: Display: Module 'LinuxClientTargetPlatform' loaded TargetPlatform 'LinuxClient'
[2019.10.29-15.22.17:510][  0]LogTemp: Display: Module 'LinuxNoEditorTargetPlatform' loaded TargetPlatform 'LinuxNoEditor'
[2019.10.29-15.22.17:518][  0]LogTemp: Display: Module 'LinuxServerTargetPlatform' loaded TargetPlatform 'LinuxServer'
[2019.10.29-15.22.17:528][  0]LogTemp: Display: Module 'LinuxTargetPlatform' loaded TargetPlatform 'Linux'
[2019.10.29-15.22.17:559][  0]LogTemp: Display: Module 'LuminTargetPlatform' loaded TargetPlatform 'Lumin'
[2019.10.29-15.22.17:559][  0]LogTemp: Display: Module 'LuminTargetPlatform' loaded TargetPlatform 'LuminClient'
[2019.10.29-15.22.17:559][  0]LogTargetPlatformManager: Display: Building Assets For Windows
[2019.10.29-15.22.17:565][  0]LogAudioDebug: Display: Lib vorbis DLL was dynamically loaded.
[2019.10.29-15.22.17:597][  0]LogShaderCompilers: Guid format shader working directory is 1 characters bigger than the processId version (../../../../../../git/DVI/Practicas/Practica2/Intermediate/Shaders/WorkingDirectory/5008/).
[2019.10.29-15.22.17:597][  0]LogShaderCompilers: Cleaned the shader compiler working directory 'C:/Users/77chu/AppData/Local/Temp/UnrealShaderWorkingDir/03A6DDD4459E05B64CF57291E008D6D0/'.
[2019.10.29-15.22.17:598][  0]LogXGEController: Cannot use XGE Controller as Incredibuild is not installed on this machine.
[2019.10.29-15.22.17:598][  0]LogShaderCompilers: Cannot use XGE Shader Compiler as Incredibuild is not installed on this machine.
[2019.10.29-15.22.17:598][  0]LogShaderCompilers: Display: Using Local Shader Compiler.
[2019.10.29-15.22.18:016][  0]LogDerivedDataCache: Display: Max Cache Size: 512 MB
[2019.10.29-15.22.18:053][  0]LogDerivedDataCache: Loaded boot cache 0.04s 71MB C:/Users/77chu/AppData/Local/UnrealEngine/4.22/DerivedDataCache/Boot.ddc.
[2019.10.29-15.22.18:054][  0]LogDerivedDataCache: Display: Loaded Boot cache: C:/Users/77chu/AppData/Local/UnrealEngine/4.22/DerivedDataCache/Boot.ddc
[2019.10.29-15.22.18:054][  0]LogDerivedDataCache: FDerivedDataBackendGraph:  Pak pak cache file ../../../../../../git/DVI/Practicas/Practica2/DerivedDataCache/DDC.ddp not found, will not use a pak cache.
[2019.10.29-15.22.18:054][  0]LogDerivedDataCache: Unable to find inner node Pak for hierarchical cache Hierarchy.
[2019.10.29-15.22.18:054][  0]LogDerivedDataCache: FDerivedDataBackendGraph:  CompressedPak pak cache file ../../../../../../git/DVI/Practicas/Practica2/DerivedDataCache/Compressed.ddp not found, will not use a pak cache.
[2019.10.29-15.22.18:054][  0]LogDerivedDataCache: Unable to find inner node CompressedPak for hierarchical cache Hierarchy.
[2019.10.29-15.22.18:063][  0]LogDerivedDataCache: Display: Pak cache opened for reading ../../../Engine/DerivedDataCache/Compressed.ddp.
[2019.10.29-15.22.18:063][  0]LogDerivedDataCache: FDerivedDataBackendGraph:  EnterprisePak pak cache file ../../../Enterprise/DerivedDataCache/Compressed.ddp not found, will not use a pak cache.
[2019.10.29-15.22.18:063][  0]LogDerivedDataCache: Unable to find inner node EnterprisePak for hierarchical cache Hierarchy.
[2019.10.29-15.22.18:075][  0]LogDerivedDataCache: Using Local data cache path C:/Users/77chu/AppData/Local/UnrealEngine/Common/DerivedDataCache: Writable
[2019.10.29-15.22.18:075][  0]LogDerivedDataCache: Shared data cache path not found in *engine.ini, will not use an Shared cache.
[2019.10.29-15.22.18:075][  0]LogDerivedDataCache: Unable to find inner node Shared for hierarchical cache Hierarchy.
[2019.10.29-15.22.18:091][  0]LogMaterial: Verifying Global Shaders for PCD3D_SM5
[2019.10.29-15.22.18:092][  0]LogSlate: Using FreeType 2.6.0
[2019.10.29-15.22.18:092][  0]LogSlate: SlateFontServices - WITH_FREETYPE: 1, WITH_HARFBUZZ: 1
[2019.10.29-15.22.18:158][  0]LogAssetRegistry: FAssetRegistry took 0.0295 seconds to start up
[2019.10.29-15.22.18:402][  0]LogInit: Selected Device Profile: [Windows]
[2019.10.29-15.22.18:500][  0]LogMeshReduction: Using QuadricMeshReduction for automatic static mesh reduction
[2019.10.29-15.22.18:500][  0]LogMeshReduction: Using SimplygonMeshReduction for automatic skeletal mesh reduction
[2019.10.29-15.22.18:500][  0]LogMeshReduction: Using ProxyLODMeshReduction for automatic mesh merging
[2019.10.29-15.22.18:500][  0]LogMeshReduction: No distributed automatic mesh merging module available
[2019.10.29-15.22.18:500][  0]LogMeshMerging: No distributed automatic mesh merging module available
[2019.10.29-15.22.18:511][  0]LogNetVersion: Practica2 1.0.0, NetCL: 5660361, EngineNetVer: 10, GameNetVer: 0 (Checksum: 2954695976)
[2019.10.29-15.22.18:793][  0]LogPackageLocalizationCache: Processed 10 localized package path(s) for 1 prioritized culture(s) in 0.032341 seconds
[2019.10.29-15.22.18:797][  0]LogUObjectArray: 42205 objects as part of root set at end of initial load.
[2019.10.29-15.22.18:797][  0]LogUObjectAllocator: 7325032 out of 0 bytes used by permanent object pool.
[2019.10.29-15.22.18:797][  0]LogUObjectArray: CloseDisregardForGC: 0/0 objects in disregard for GC pool
[2019.10.29-15.22.19:361][  0]LogTcpMessaging: Initializing TcpMessaging bridge
[2019.10.29-15.22.19:374][  0]LogUdpMessaging: Initializing bridge on interface 0.0.0.0:0 to multicast group 230.0.0.1:6666.
[2019.10.29-15.22.19:465][  0]SourceControl: Source control is disabled
[2019.10.29-15.22.19:465][  0]SourceControl: Source control is disabled
[2019.10.29-15.22.19:466][  0]SourceControl: Source control is disabled
[2019.10.29-15.22.19:467][  0]SourceControl: Source control is disabled
[2019.10.29-15.22.19:512][  0]LogAndroidPermission: UAndroidPermissionCallbackProxy::GetInstance
[2019.10.29-15.22.19:576][  0]LogOcInput: OculusInput pre-init called
[2019.10.29-15.22.20:052][  0]LogEngine: Initializing Engine...
[2019.10.29-15.22.20:053][  0]LogHMD: Failed to initialize OpenVR with code 110
[2019.10.29-15.22.20:054][  0]LogStats: UGameplayTagsManager::InitializeManager -  0.000 s
[2019.10.29-15.22.20:203][  0]LogInit: Initializing FReadOnlyCVARCache
[2019.10.29-15.22.20:212][  0]LogAIModule: Creating AISystem for world Untitled
[2019.10.29-15.22.20:227][  0]LogInit: XAudio2 using 'Altavoces (Realtek High Definition Audio)' : 6 channels at 48 kHz using 32 bits per sample (channel mask 0x3f)
[2019.10.29-15.22.20:264][  0]LogInit: FAudioDevice initialized.
[2019.10.29-15.22.20:264][  0]LogNetVersion: Set ProjectVersion to 1.0.0.0. Version Checksum will be recalculated on next use.
[2019.10.29-15.22.20:334][  0]LogDerivedDataCache: Saved boot cache 0.07s 71MB C:/Users/77chu/AppData/Local/UnrealEngine/4.22/DerivedDataCache/Boot.ddc.
[2019.10.29-15.22.20:344][  0]LogInit: Texture streaming: Enabled
[2019.10.29-15.22.20:358][  0]LogEngineSessionManager: EngineSessionManager initialized
[2019.10.29-15.22.20:371][  0]LogInit: Transaction tracking system initialized
[2019.10.29-15.22.20:391][  0]BlueprintLog: New page: Editor Load
[2019.10.29-15.22.20:445][  0]LocalizationService: Localization service is disabled
[2019.10.29-15.22.20:666][  0]LogFileCache: Scanning file cache for directory 'C:/git/DVI/Practicas/Practica2/Content/' took 0.02s
[2019.10.29-15.22.20:666][  0]LogCook: Display: Max memory allowance for cook 16384mb min free memory 0mb
[2019.10.29-15.22.20:666][  0]LogCook: Display: Mobile HDR setting 1
[2019.10.29-15.22.20:782][  0]SourceControl: Source control is disabled
[2019.10.29-15.22.20:783][  0]Cmd: MAP LOAD FILE="../../../../../../git/DVI/Practicas/Practica2/Content/FirstPersonBP/Maps/FirstPersonExampleMap.umap" TEMPLATE=0 SHOWPROGRESS=1 FEATURELEVEL=3
[2019.10.29-15.22.20:783][  0]LightingResults: New page: Lighting Build
[2019.10.29-15.22.20:785][  0]MapCheck: New page: Map Check
[2019.10.29-15.22.20:785][  0]LightingResults: New page: Lighting Build
[2019.10.29-15.22.20:804][  0]LogUObjectHash: Compacting FUObjectHashTables data took   1.20ms
[2019.10.29-15.22.21:354][  0]LogAIModule: Creating AISystem for world FirstPersonExampleMap
[2019.10.29-15.22.21:365][  0]LogEditorServer: Finished looking for orphan Actors (0.000 secs)
[2019.10.29-15.22.21:387][  0]LogUObjectHash: Compacting FUObjectHashTables data took   1.52ms
[2019.10.29-15.22.21:387][  0]Cmd: MAP CHECKDEP NOCLEARLOG
[2019.10.29-15.22.21:388][  0]MapCheck: Map check complete: 0 Error(s), 0 Warning(s), took 0.124ms to complete.
[2019.10.29-15.22.21:388][  0]LogFileHelpers: Loading map 'FirstPersonExampleMap' took 0.606
[2019.10.29-15.22.21:503][  0]LogSlate: Updating window title bar state: overlay mode, drag disabled, window buttons hidden, title bar hidden
[2019.10.29-15.22.21:509][  0]LogSlate: Updating window title bar state: overlay mode, drag disabled, window buttons hidden, title bar hidden
[2019.10.29-15.22.21:514][  0]LogSlate: Updating window title bar state: overlay mode, drag disabled, window buttons hidden, title bar hidden
[2019.10.29-15.22.21:519][  0]LogSlate: Updating window title bar state: overlay mode, drag disabled, window buttons hidden, title bar hidden
[2019.10.29-15.22.21:532][  0]LogCollectionManager: Loaded 0 collections in 0.001504 seconds
[2019.10.29-15.22.21:566][  0]LogFileCache: Scanning file cache for directory 'C:/git/DVI/Practicas/Practica2/Saved/Collections/' took 0.01s
[2019.10.29-15.22.21:566][  0]LogFileCache: Scanning file cache for directory 'C:/git/DVI/Practicas/Practica2/Content/Developers/77chu/Collections/' took 0.00s
[2019.10.29-15.22.21:566][  0]LogFileCache: Scanning file cache for directory 'C:/git/DVI/Practicas/Practica2/Content/Collections/' took 0.00s
[2019.10.29-15.22.21:566][  0]LogCollectionManager: Rebuilt the GUID cache for 0 collections in 0.000000 seconds
[2019.10.29-15.22.21:574][  0]LogContentBrowser: Native class hierarchy populated in 0.0071 seconds. Added 2732 classes and 659 folders.
[2019.10.29-15.22.21:586][  0]LogContentBrowser: Native class hierarchy updated for 'WidgetCarousel' in 0.0002 seconds. Added 0 classes and 0 folders.
[2019.10.29-15.22.21:594][  0]LogPakFile: Registered encryption key '00000000000000000000000000000000': 0 pak files mounted, 0 remain pending
[2019.10.29-15.22.21:601][  0]LogPakFile: Registered encryption key '00000000000000000000000000000000': 0 pak files mounted, 0 remain pending
[2019.10.29-15.22.21:612][  0]LogPakFile: Registered encryption key '00000000000000000000000000000000': 0 pak files mounted, 0 remain pending
[2019.10.29-15.22.21:625][  0]LogPakFile: Registered encryption key '00000000000000000000000000000000': 0 pak files mounted, 0 remain pending
[2019.10.29-15.22.21:630][  0]LogPakFile: Registered encryption key '00000000000000000000000000000000': 0 pak files mounted, 0 remain pending
[2019.10.29-15.22.21:634][  0]LogPakFile: Registered encryption key '00000000000000000000000000000000': 0 pak files mounted, 0 remain pending
[2019.10.29-15.22.21:638][  0]LogPakFile: Registered encryption key '00000000000000000000000000000000': 0 pak files mounted, 0 remain pending
[2019.10.29-15.22.21:643][  0]LogPakFile: Registered encryption key '00000000000000000000000000000000': 0 pak files mounted, 0 remain pending
[2019.10.29-15.22.21:648][  0]LogPakFile: Registered encryption key '00000000000000000000000000000000': 0 pak files mounted, 0 remain pending
[2019.10.29-15.22.21:654][  0]LogPakFile: Registered encryption key '00000000000000000000000000000000': 0 pak files mounted, 0 remain pending
[2019.10.29-15.22.21:659][  0]LogPakFile: Registered encryption key '00000000000000000000000000000000': 0 pak files mounted, 0 remain pending
[2019.10.29-15.22.21:663][  0]LogPakFile: Registered encryption key '00000000000000000000000000000000': 0 pak files mounted, 0 remain pending
[2019.10.29-15.22.21:667][  0]LogPakFile: Registered encryption key '00000000000000000000000000000000': 0 pak files mounted, 0 remain pending
[2019.10.29-15.22.21:672][  0]LogPakFile: Registered encryption key '00000000000000000000000000000000': 0 pak files mounted, 0 remain pending
[2019.10.29-15.22.21:676][  0]LogPakFile: Registered encryption key '00000000000000000000000000000000': 0 pak files mounted, 0 remain pending
[2019.10.29-15.22.21:681][  0]LogPakFile: Registered encryption key '00000000000000000000000000000000': 0 pak files mounted, 0 remain pending
[2019.10.29-15.22.21:701][  0]LogPakFile: Registered encryption key '00000000000000000000000000000000': 0 pak files mounted, 0 remain pending
[2019.10.29-15.22.21:706][  0]LogPakFile: Registered encryption key '00000000000000000000000000000000': 0 pak files mounted, 0 remain pending
[2019.10.29-15.22.21:710][  0]LogPakFile: Registered encryption key '00000000000000000000000000000000': 0 pak files mounted, 0 remain pending
[2019.10.29-15.22.21:715][  0]LogPakFile: Registered encryption key '00000000000000000000000000000000': 0 pak files mounted, 0 remain pending
[2019.10.29-15.22.21:719][  0]LogPakFile: Registered encryption key '00000000000000000000000000000000': 0 pak files mounted, 0 remain pending
[2019.10.29-15.22.21:725][  0]LogPakFile: Registered encryption key '00000000000000000000000000000000': 0 pak files mounted, 0 remain pending
[2019.10.29-15.22.21:729][  0]LogPakFile: Registered encryption key '00000000000000000000000000000000': 0 pak files mounted, 0 remain pending
[2019.10.29-15.22.21:734][  0]LogPakFile: Registered encryption key '00000000000000000000000000000000': 0 pak files mounted, 0 remain pending
[2019.10.29-15.22.21:739][  0]LogPakFile: Registered encryption key '00000000000000000000000000000000': 0 pak files mounted, 0 remain pending
[2019.10.29-15.22.21:743][  0]LogPakFile: Registered encryption key '00000000000000000000000000000000': 0 pak files mounted, 0 remain pending
[2019.10.29-15.22.21:856][  0]LogContentBrowser: Native class hierarchy updated for 'AddContentDialog' in 0.0002 seconds. Added 0 classes and 0 folders.
[2019.10.29-15.22.21:870][  0]LogContentBrowser: Native class hierarchy updated for 'SceneOutliner' in 0.0002 seconds. Added 1 classes and 2 folders.
[2019.10.29-15.22.21:928][  0]LogSlate: Took 0.000110 seconds to synchronously load lazily loaded font '../../../Engine/Content/Slate/Fonts/Roboto-Regular.ttf' (155K)
[2019.10.29-15.22.21:930][  0]LogSlate: Took 0.000087 seconds to synchronously load lazily loaded font '../../../Engine/Content/Slate/Fonts/Roboto-Bold.ttf' (160K)
[2019.10.29-15.22.21:938][  0]LogSlate: Took 0.005005 seconds to synchronously load lazily loaded font '../../../Engine/Content/Editor/Slate/Fonts/FontAwesome.ttf' (139K)
[2019.10.29-15.22.22:035][  0]LogRenderer: Reallocating scene render targets to support 1308x640 Format 10 NumSamples 1 (Frame:1).
[2019.10.29-15.22.22:136][  0]LogContentBrowser: Native class hierarchy updated for 'HierarchicalLODOutliner' in 0.0002 seconds. Added 0 classes and 0 folders.
[2019.10.29-15.22.22:136][  0]LogLoad: (Engine Initialization) Total time: 6.98 seconds
[2019.10.29-15.22.22:136][  0]LogLoad: (Engine Initialization) Total Blueprint compile time: 0.00 seconds
[2019.10.29-15.22.22:170][  0]LogAssetRegistry: Asset discovery search completed in 4.0340 seconds
[2019.10.29-15.22.22:172][  0]LogCollectionManager: Rebuilt the object cache for 0 collections in 0.000000 seconds (found 0 objects)
[2019.10.29-15.22.22:173][  0]LogCollectionManager: Fixed up redirectors for 0 collections in 0.000037 seconds (updated 0 objects)
[2019.10.29-15.22.22:176][  0]LogContentStreaming: Texture pool size now 1000 MB
[2019.10.29-15.22.22:203][  0]LogSlate: Took 0.004802 seconds to synchronously load lazily loaded font '../../../Engine/Content/Slate/Fonts/Roboto-Light.ttf' (167K)
[2019.10.29-15.22.55:855][244]LogEditorViewport: Clicking on Actor (context menu): StaticMeshActor (Cylinder)
[2019.10.29-15.22.55:960][244]LogSlate: FSceneViewport::OnFocusLost() reason 2
[2019.10.29-15.22.56:805][341]LogEditorViewport: Clicking on Actor (LMB): StaticMeshActor (Cylinder)
[2019.10.29-15.23.05:668][393]LogSlate: FSceneViewport::OnFocusLost() reason 0
[2019.10.29-15.23.15:527][570]LogSlate: Took 0.000119 seconds to synchronously load lazily loaded font '../../../Engine/Content/Slate/Fonts/Roboto-Light.ttf' (167K)
[2019.10.29-15.23.15:532][570]LogAssetEditorManager: Opening Asset editor for Blueprint /Game/FirstPersonBP/Blueprints/FirstPersonCharacter.FirstPersonCharacter
[2019.10.29-15.23.15:831][570]LogContentBrowser: Native class hierarchy updated for 'BlueprintGraph' in 0.0004 seconds. Added 121 classes and 0 folders.
[2019.10.29-15.23.16:467][570]LogSlate: Took 0.003973 seconds to synchronously load lazily loaded font '../../../Engine/Content/Slate/Fonts/Roboto-BoldCondensed.ttf' (158K)
[2019.10.29-15.23.16:599][571]LogSlate: Took 0.003936 seconds to synchronously load lazily loaded font '../../../Engine/Content/Slate/Fonts/Roboto-Italic.ttf' (157K)
[2019.10.29-15.24.17:672][ 89]LogAssetEditorManager: Opening Asset editor for Blueprint /Game/FirstPersonBP/Blueprints/FirstPersonGameMode.FirstPersonGameMode
[2019.10.29-15.24.33:879][997]LogAssetEditorManager: Opening Asset editor for Blueprint /Game/FirstPersonBP/Blueprints/FirstPersonGameMode.FirstPersonGameMode
[2019.10.29-15.32.22:528][ 33]LogUObjectHash: Compacting FUObjectHashTables data took   3.61ms
[2019.10.29-15.32.22:675][ 33]LogSavePackage: Moving '../../../../../../git/DVI/Practicas/Practica2/Saved/FirstPersonExampleMap_Auto1955ACBD14A87395E714B41AC548DA934.tmp' to '../../../../../../git/DVI/Practicas/Practica2/Saved/Autosaves/Game/FirstPersonBP/Maps/FirstPersonExampleMap_Auto1.umap'
[2019.10.29-15.32.22:680][ 33]LogFileHelpers: Editor autosave (incl. sublevels) for '/Game/FirstPersonBP/Maps/FirstPersonExampleMap' took 0.184
[2019.10.29-15.32.22:680][ 33]LogFileHelpers: Editor autosave (incl. sublevels) for all levels took 0.184
[2019.10.29-15.32.22:682][ 33]OBJ SavePackage: Generating thumbnails for [1] asset(s) in package [/Game/FirstPersonBP/Blueprints/FirstPersonCharacter] ([1] browsable assets)...
[2019.10.29-15.32.22:701][ 33]OBJ SavePackage:     Rendered thumbnail for [Blueprint /Game/FirstPersonBP/Blueprints/FirstPersonCharacter.FirstPersonCharacter]
[2019.10.29-15.32.22:701][ 33]OBJ SavePackage: Finished generating thumbnails for package [/Game/FirstPersonBP/Blueprints/FirstPersonCharacter]
[2019.10.29-15.32.22:779][ 33]LogSavePackage: Moving '../../../../../../git/DVI/Practicas/Practica2/Saved/FirstPersonCharacter_Auto105C526C847C23A9A837E9F9959884763.tmp' to '../../../../../../git/DVI/Practicas/Practica2/Saved/Autosaves/Game/FirstPersonBP/Blueprints/FirstPersonCharacter_Auto1.uasset'
[2019.10.29-15.32.22:779][ 33]OBJ SavePackage: Generating thumbnails for [0] asset(s) in package [/Game/FirstPersonBP/Blueprints/FirstPersonGameMode] ([1] browsable assets)...
[2019.10.29-15.32.22:779][ 33]OBJ SavePackage: Finished generating thumbnails for package [/Game/FirstPersonBP/Blueprints/FirstPersonGameMode]
[2019.10.29-15.32.22:791][ 33]LogSavePackage: Moving '../../../../../../git/DVI/Practicas/Practica2/Saved/FirstPersonGameMode_Auto1BE1F50694BC4FAE5AEC3AD935659FDC2.tmp' to '../../../../../../git/DVI/Practicas/Practica2/Saved/Autosaves/Game/FirstPersonBP/Blueprints/FirstPersonGameMode_Auto1.uasset'
[2019.10.29-15.32.22:791][ 33]LogFileHelpers: Auto-saving content packages took 0.110
[2019.10.29-15.48.41:048][298]LogUObjectHash: Compacting FUObjectHashTables data took   2.32ms
[2019.10.29-15.48.41:182][298]LogSavePackage: Moving '../../../../../../git/DVI/Practicas/Practica2/Saved/FirstPersonExampleMap_Auto26E6ECFE24C2C6B969B354DB9DD6CCC2D.tmp' to '../../../../../../git/DVI/Practicas/Practica2/Saved/Autosaves/Game/FirstPersonBP/Maps/FirstPersonExampleMap_Auto2.umap'
[2019.10.29-15.48.41:186][298]LogFileHelpers: Editor autosave (incl. sublevels) for '/Game/FirstPersonBP/Maps/FirstPersonExampleMap' took 0.165
[2019.10.29-15.48.41:186][298]LogFileHelpers: Editor autosave (incl. sublevels) for all levels took 0.165
[2019.10.29-15.48.41:187][298]OBJ SavePackage: Generating thumbnails for [1] asset(s) in package [/Game/FirstPersonBP/Blueprints/FirstPersonCharacter] ([1] browsable assets)...
[2019.10.29-15.48.41:199][298]OBJ SavePackage:     Rendered thumbnail for [Blueprint /Game/FirstPersonBP/Blueprints/FirstPersonCharacter.FirstPersonCharacter]
[2019.10.29-15.48.41:199][298]OBJ SavePackage: Finished generating thumbnails for package [/Game/FirstPersonBP/Blueprints/FirstPersonCharacter]
[2019.10.29-15.48.41:257][298]LogSavePackage: Moving '../../../../../../git/DVI/Practicas/Practica2/Saved/FirstPersonCharacter_Auto24689136C4E72AFE6A09A86961F2DE297.tmp' to '../../../../../../git/DVI/Practicas/Practica2/Saved/Autosaves/Game/FirstPersonBP/Blueprints/FirstPersonCharacter_Auto2.uasset'
[2019.10.29-15.48.41:258][298]LogFileHelpers: Auto-saving content packages took 0.071
[2019.10.29-15.49.34:840][420]BlueprintLog: New page: Compile FirstPersonCharacter
[2019.10.29-15.49.34:975][420]LogUObjectHash: Compacting FUObjectHashTables data took   2.38ms
[2019.10.29-15.49.36:613][603]BlueprintLog: New page: Compile FirstPersonGameMode
[2019.10.29-15.49.36:614][603]LogBlueprint: Error: [Compiler FirstPersonGameMode] The type of  Object  is undetermined.  Connect something to  Cast To FirstPersonCharacter  to imply a specific type.
[2019.10.29-15.49.36:614][603]LogBlueprint: Error: [Compiler FirstPersonGameMode] Event Dispatcher pin is not connected  Bind Event to OnDestroyed
[2019.10.29-15.49.36:614][603]LogBlueprint: Error: [Compiler FirstPersonGameMode] The current value of the ' Object ' pin is invalid: Unsupported type Wildcard on pin Object
[2019.10.29-15.49.36:732][603]LogUObjectHash: Compacting FUObjectHashTables data took   2.16ms
[2019.10.29-15.49.36:736][603]LogBlueprint: Warning: [Compiler FirstPersonGameMode] [1641.58] Compile of FirstPersonGameMode failed. 3 Fatal Issue(s) 0 Warning(s) [in 123 ms] (/Game/FirstPersonBP/Blueprints/FirstPersonGameMode.FirstPersonGameMode)
[2019.10.29-15.53.13:068][595]LogSavePackage: Moving '../../../../../../git/DVI/Practicas/Practica2/Saved/FirstPersonCharacter130EEAA34D7BCCFFE32301A110CB96A7.tmp' to '../../../../../../git/DVI/Practicas/Practica2/Content/FirstPersonBP/Blueprints/FirstPersonCharacter.uasset'
[2019.10.29-15.53.13:981][700]LogSlate: FSceneViewport::OnFocusLost() reason 0
[2019.10.29-15.56.39:648][875]LogSavePackage: Moving '../../../../../../git/DVI/Practicas/Practica2/Saved/FirstPersonCharacterB5F08C354A01117C9D7A189C92AF5956.tmp' to '../../../../../../git/DVI/Practicas/Practica2/Content/FirstPersonBP/Blueprints/FirstPersonCharacter.uasset'
[2019.10.29-15.56.40:603][986]LogSlate: FSceneViewport::OnFocusLost() reason 0
[2019.10.29-15.56.40:702][998]BlueprintLog: New page: Compile FirstPersonCharacter
[2019.10.29-15.56.40:834][998]LogUObjectHash: Compacting FUObjectHashTables data took   2.29ms
[2019.10.29-15.56.40:898][998]LogPackageName: SearchForPackageOnDisk took   0.057s, but failed to resolve Transient.umap.
[2019.10.29-15.56.48:458][884]LogSlate: Window 'FirstPersonCharacter' being destroyed
[2019.10.29-15.56.48:461][884]LogSlate: Window 'FirstPersonCharacter' being destroyed
[2019.10.29-15.56.48:517][884]LogPackageName: SearchForPackageOnDisk took   0.055s, but failed to resolve Transient.umap.
[2019.10.29-15.56.48:517][884]LogActorComponent: UnregisterComponent: (/Engine/Transient.EditorFloorComp) Not registered. Aborting.
[2019.10.29-15.56.50:133][ 71]LogEditorViewport: Clicking on Actor (LMB): StaticMeshActor (Plane)
[2019.10.29-15.56.51:454][226]LogSlate: FSceneViewport::OnFocusLost() reason 0
[2019.10.29-15.57.16:116][180]LogSlate: Window 'Select Path' being destroyed
[2019.10.29-15.58.01:977][672]LogSlate: Window 'Select Path' being destroyed
[2019.10.29-15.58.02:006][672]LogUObjectHash: Compacting FUObjectHashTables data took   2.20ms
[2019.10.29-15.58.02:023][672]LogAssetEditorManager: Opening Asset editor for Blueprint /Game/Blueprints/Agua_Blueprint.Agua_Blueprint
[2019.10.29-15.58.46:183][836]BlueprintLog: New page: Compile Agua_Blueprint
[2019.10.29-15.58.46:320][836]LogUObjectHash: Compacting FUObjectHashTables data took   2.50ms
[2019.10.29-15.58.47:541][979]LogTemp: Repeating last play command: Selected Viewport
[2019.10.29-15.58.47:551][979]LogBlueprintUserMessages: Early PlayInEditor Detection: Level '/Game/FirstPersonBP/Maps/FirstPersonExampleMap.FirstPersonExampleMap:PersistentLevel' has LevelScriptBlueprint '/Game/FirstPersonBP/Maps/FirstPersonExampleMap.FirstPersonExampleMap:PersistentLevel.FirstPersonExampleMap' with GeneratedClass '/Game/FirstPersonBP/Maps/FirstPersonExampleMap.FirstPersonExampleMap_C' with ClassGeneratedBy '/Game/FirstPersonBP/Maps/FirstPersonExampleMap.FirstPersonExampleMap:PersistentLevel.FirstPersonExampleMap'
[2019.10.29-15.58.47:552][979]LogPlayLevel: PlayLevel: No blueprints needed recompiling
[2019.10.29-15.58.47:552][979]PIE: New page: PIE session: FirstPersonExampleMap (Oct 29, 2019, 5:58:47 PM)
[2019.10.29-15.58.47:564][979]LogPlayLevel: Creating play world package: /Game/FirstPersonBP/Maps/UEDPIE_0_FirstPersonExampleMap
[2019.10.29-15.58.47:582][979]LogPlayLevel: PIE: StaticDuplicateObject took: (0.017289s)
[2019.10.29-15.58.47:582][979]LogAIModule: Creating AISystem for world FirstPersonExampleMap
[2019.10.29-15.58.47:582][979]LogPlayLevel: PIE: World Init took: (0.000427s)
[2019.10.29-15.58.47:582][979]LogPlayLevel: PIE: Created PIE world by copying editor world from /Game/FirstPersonBP/Maps/FirstPersonExampleMap.FirstPersonExampleMap to /Game/FirstPersonBP/Maps/UEDPIE_0_FirstPersonExampleMap.FirstPersonExampleMap (0.017902s)
[2019.10.29-15.58.47:603][979]LogUObjectHash: Compacting FUObjectHashTables data took   1.50ms
[2019.10.29-15.58.47:618][979]LogInit: XAudio2 using 'Altavoces (Realtek High Definition Audio)' : 6 channels at 48 kHz using 32 bits per sample (channel mask 0x3f)
[2019.10.29-15.58.47:650][979]LogInit: FAudioDevice initialized.
[2019.10.29-15.58.47:692][979]LogLoad: Game class is 'FirstPersonGameMode_C'
[2019.10.29-15.58.47:694][979]LogWorld: Bringing World /Game/FirstPersonBP/Maps/UEDPIE_0_FirstPersonExampleMap.FirstPersonExampleMap up for play (max tick rate 0) at 2019.10.29-16.58.47
[2019.10.29-15.58.47:695][979]LogWorld: Bringing up level for play took: 0.001301
[2019.10.29-15.58.47:712][979]LogBlueprintActionDatabase: Requesting refresh due to module change: Voice (loaded)
[2019.10.29-15.58.47:716][979]LogBlueprintActionDatabase: Requesting refresh due to module change: MovieSceneCapture (loaded)
[2019.10.29-15.58.47:717][979]LogContentBrowser: Native class hierarchy updated for 'MovieSceneCapture' in 0.0002 seconds. Added 20 classes and 0 folders.
[2019.10.29-15.58.47:717][979]PIE: Play in editor start time for /Game/FirstPersonBP/Maps/UEDPIE_0_FirstPersonExampleMap 0.479
[2019.10.29-15.58.47:717][979]LogBlueprintUserMessages: Late PlayInEditor Detection: Level '/Game/FirstPersonBP/Maps/FirstPersonExampleMap.FirstPersonExampleMap:PersistentLevel' has LevelScriptBlueprint '/Game/FirstPersonBP/Maps/FirstPersonExampleMap.FirstPersonExampleMap:PersistentLevel.FirstPersonExampleMap' with GeneratedClass '/Game/FirstPersonBP/Maps/FirstPersonExampleMap.FirstPersonExampleMap_C' with ClassGeneratedBy '/Game/FirstPersonBP/Maps/FirstPersonExampleMap.FirstPersonExampleMap:PersistentLevel.FirstPersonExampleMap'
[2019.10.29-15.58.53:174][597]LogNet: Browse: /Game/FirstPersonBP/Maps/FirstPersonExampleMap
[2019.10.29-15.58.53:174][597]LogLoad: LoadMap: /Game/FirstPersonBP/Maps/FirstPersonExampleMap
[2019.10.29-15.58.53:219][597]LogUObjectHash: Compacting FUObjectHashTables data took   3.72ms
[2019.10.29-15.58.53:219][597]LogPlayLevel: Creating play world package: /Game/FirstPersonBP/Maps/UEDPIE_0_FirstPersonExampleMap
[2019.10.29-15.58.53:228][597]LogPlayLevel: PIE: StaticDuplicateObject took: (0.008338s)
[2019.10.29-15.58.53:229][597]LogAIModule: Creating AISystem for world FirstPersonExampleMap
[2019.10.29-15.58.53:229][597]LogPlayLevel: PIE: World Init took: (0.000467s)
[2019.10.29-15.58.53:229][597]LogPlayLevel: PIE: Created PIE world by copying editor world from /Game/FirstPersonBP/Maps/FirstPersonExampleMap.FirstPersonExampleMap to /Game/FirstPersonBP/Maps/UEDPIE_0_FirstPersonExampleMap.FirstPersonExampleMap (0.009487s)
[2019.10.29-15.58.53:229][597]LogLoad: Game class is 'FirstPersonGameMode_C'
[2019.10.29-15.58.53:235][597]LogWorld: Bringing World /Game/FirstPersonBP/Maps/UEDPIE_0_FirstPersonExampleMap.FirstPersonExampleMap up for play (max tick rate 0) at 2019.10.29-16.58.53
[2019.10.29-15.58.53:235][597]LogWorld: Bringing up level for play took: 0.006061
[2019.10.29-15.58.53:235][597]LogGameMode: FindPlayerStart: PATHS NOT DEFINED or NO PLAYERSTART with positive rating
[2019.10.29-15.58.53:236][597]LogLoad: Took 0.061433 seconds to LoadMap(/Game/FirstPersonBP/Maps/UEDPIE_0_FirstPersonExampleMap)
[2019.10.29-15.59.02:598][719]LogNet: Browse: /Game/FirstPersonBP/Maps/FirstPersonExampleMap
[2019.10.29-15.59.02:598][719]LogLoad: LoadMap: /Game/FirstPersonBP/Maps/FirstPersonExampleMap
[2019.10.29-15.59.02:630][719]LogUObjectHash: Compacting FUObjectHashTables data took   2.48ms
[2019.10.29-15.59.02:630][719]LogPlayLevel: Creating play world package: /Game/FirstPersonBP/Maps/UEDPIE_0_FirstPersonExampleMap
[2019.10.29-15.59.02:637][719]LogPlayLevel: PIE: StaticDuplicateObject took: (0.006889s)
[2019.10.29-15.59.02:638][719]LogAIModule: Creating AISystem for world FirstPersonExampleMap
[2019.10.29-15.59.02:638][719]LogPlayLevel: PIE: World Init took: (0.000386s)
[2019.10.29-15.59.02:638][719]LogPlayLevel: PIE: Created PIE world by copying editor world from /Game/FirstPersonBP/Maps/FirstPersonExampleMap.FirstPersonExampleMap to /Game/FirstPersonBP/Maps/UEDPIE_0_FirstPersonExampleMap.FirstPersonExampleMap (0.007391s)
[2019.10.29-15.59.02:638][719]LogLoad: Game class is 'FirstPersonGameMode_C'
[2019.10.29-15.59.02:643][719]LogWorld: Bringing World /Game/FirstPersonBP/Maps/UEDPIE_0_FirstPersonExampleMap.FirstPersonExampleMap up for play (max tick rate 0) at 2019.10.29-16.59.02
[2019.10.29-15.59.02:644][719]LogWorld: Bringing up level for play took: 0.005386
[2019.10.29-15.59.02:644][719]LogGameMode: FindPlayerStart: PATHS NOT DEFINED or NO PLAYERSTART with positive rating
[2019.10.29-15.59.02:644][719]LogLoad: Took 0.046190 seconds to LoadMap(/Game/FirstPersonBP/Maps/UEDPIE_0_FirstPersonExampleMap)
[2019.10.29-15.59.05:118][ 16]LogBlueprintUserMessages: Early EndPlayMap Detection: Level '/Game/FirstPersonBP/Maps/FirstPersonExampleMap.FirstPersonExampleMap:PersistentLevel' has LevelScriptBlueprint '/Game/FirstPersonBP/Maps/FirstPersonExampleMap.FirstPersonExampleMap:PersistentLevel.FirstPersonExampleMap' with GeneratedClass '/Game/FirstPersonBP/Maps/FirstPersonExampleMap.FirstPersonExampleMap_C' with ClassGeneratedBy '/Game/FirstPersonBP/Maps/FirstPersonExampleMap.FirstPersonExampleMap:PersistentLevel.FirstPersonExampleMap'
[2019.10.29-15.59.05:118][ 16]LogSlate: Updating window title bar state: overlay mode, drag disabled, window buttons hidden, title bar hidden
[2019.10.29-15.59.05:145][ 16]LogPlayLevel: Display: Shutting down PIE online subsystems
[2019.10.29-15.59.05:145][ 16]LogBlueprintUserMessages: Late EndPlayMap Detection: Level '/Game/FirstPersonBP/Maps/FirstPersonExampleMap.FirstPersonExampleMap:PersistentLevel' has LevelScriptBlueprint '/Game/FirstPersonBP/Maps/FirstPersonExampleMap.FirstPersonExampleMap:PersistentLevel.FirstPersonExampleMap' with GeneratedClass '/Game/FirstPersonBP/Maps/FirstPersonExampleMap.FirstPersonExampleMap_C' with ClassGeneratedBy '/Game/FirstPersonBP/Maps/FirstPersonExampleMap.FirstPersonExampleMap:PersistentLevel.FirstPersonExampleMap'
[2019.10.29-15.59.05:175][ 16]LogSlate: Updating window title bar state: overlay mode, drag disabled, window buttons hidden, title bar hidden
[2019.10.29-15.59.05:178][ 16]LogUObjectHash: Compacting FUObjectHashTables data took   1.75ms
[2019.10.29-15.59.05:222][ 20]LogPlayLevel: Display: Destroying online subsystem :Context_10
[2019.10.29-15.59.07:675][314]LogSlate: FSceneViewport::OnFocusLost() reason 0
[2019.10.29-15.59.32:400][402]LogUObjectHash: Compacting FUObjectHashTables data took   0.60ms
[2019.10.29-15.59.32:550][402]LogSavePackage: Moving '../../../../../../git/DVI/Practicas/Practica2/Saved/FirstPersonExampleMap_Auto3CF509D614A48BCCC32F849985FEAA30A.tmp' to '../../../../../../git/DVI/Practicas/Practica2/Saved/Autosaves/Game/FirstPersonBP/Maps/FirstPersonExampleMap_Auto3.umap'
[2019.10.29-15.59.32:552][402]LogFileHelpers: Editor autosave (incl. sublevels) for '/Game/FirstPersonBP/Maps/FirstPersonExampleMap' took 0.178
[2019.10.29-15.59.32:552][402]LogFileHelpers: Editor autosave (incl. sublevels) for all levels took 0.178
[2019.10.29-15.59.32:554][402]OBJ SavePackage: Generating thumbnails for [0] asset(s) in package [/Game/FirstPersonBP/Blueprints/FirstPersonGameMode] ([1] browsable assets)...
[2019.10.29-15.59.32:554][402]OBJ SavePackage: Finished generating thumbnails for package [/Game/FirstPersonBP/Blueprints/FirstPersonGameMode]
[2019.10.29-15.59.32:569][402]LogSavePackage: Moving '../../../../../../git/DVI/Practicas/Practica2/Saved/FirstPersonGameMode_Auto3E07FF1AD4BD5BC4474A5C5BFDB3F7BE8.tmp' to '../../../../../../git/DVI/Practicas/Practica2/Saved/Autosaves/Game/FirstPersonBP/Blueprints/FirstPersonGameMode_Auto3.uasset'
[2019.10.29-15.59.32:570][402]OBJ SavePackage: Generating thumbnails for [1] asset(s) in package [/Game/Blueprints/Agua_Blueprint] ([1] browsable assets)...
[2019.10.29-15.59.32:592][402]OBJ SavePackage:     Rendered thumbnail for [Blueprint /Game/Blueprints/Agua_Blueprint.Agua_Blueprint]
[2019.10.29-15.59.32:592][402]OBJ SavePackage: Finished generating thumbnails for package [/Game/Blueprints/Agua_Blueprint]
[2019.10.29-15.59.32:592][402]Cmd: OBJ SAVEPACKAGE PACKAGE="/Game/Blueprints/Agua_Blueprint" FILE="../../../../../../git/DVI/Practicas/Practica2/Saved/Autosaves/Game/Blueprints/Agua_Blueprint_Auto3.uasset" SILENT=false AUTOSAVING=true
[2019.10.29-15.59.32:609][402]LogSavePackage: Moving '../../../../../../git/DVI/Practicas/Practica2/Saved/Agua_Blueprint_Auto3147E82B7432932A61065EF9F5B72D786.tmp' to '../../../../../../git/DVI/Practicas/Practica2/Saved/Autosaves/Game/Blueprints/Agua_Blueprint_Auto3.uasset'
[2019.10.29-15.59.32:609][402]LogFileHelpers: Auto-saving content packages took 0.055
[2019.10.29-16.16.35:949][633]LogEditorViewport: Clicking on Actor (context menu): StaticMeshActor (Cylinder)
[2019.10.29-16.16.35:981][633]LogSlate: FSceneViewport::OnFocusLost() reason 2
[2019.10.29-16.16.50:153][318]LogSlate: FSceneViewport::OnFocusLost() reason 0
[2019.10.29-16.17.10:012][686]Cmd: CAMERA ALIGN ACTIVEVIEWPORTONLY
[2019.10.29-16.17.16:445][452]LogSlate: FSceneViewport::OnFocusLost() reason 0
[2019.10.29-16.17.33:318][469]Cmd: DELETE
[2019.10.29-16.17.33:318][469]Cmd: ACTOR DELETE
[2019.10.29-16.17.33:321][469]LogEditorActor: Deleted Actor: AnimationThumbnailSkeletalMeshActor
[2019.10.29-16.17.33:352][469]LogUObjectHash: Compacting FUObjectHashTables data took   2.25ms
[2019.10.29-16.17.33:353][469]LogEditorActor: Deleted 1 Actors (0.033 secs)
[2019.10.29-16.17.36:842][888]LogSlate: FSceneViewport::OnFocusLost() reason 0
[2019.10.29-16.18.12:333][315]LogUObjectHash: Compacting FUObjectHashTables data took   0.64ms
[2019.10.29-16.18.12:488][315]LogSavePackage: Moving '../../../../../../git/DVI/Practicas/Practica2/Saved/FirstPersonExampleMap_Auto484192FE24F60055410406FA9E8163D8D.tmp' to '../../../../../../git/DVI/Practicas/Practica2/Saved/Autosaves/Game/FirstPersonBP/Maps/FirstPersonExampleMap_Auto4.umap'
[2019.10.29-16.18.12:492][315]LogFileHelpers: Editor autosave (incl. sublevels) for '/Game/FirstPersonBP/Maps/FirstPersonExampleMap' took 0.184
[2019.10.29-16.18.12:492][315]LogFileHelpers: Editor autosave (incl. sublevels) for all levels took 0.184
[2019.10.29-16.35.06:011][407]BlueprintLog: New page: Compile Agua_Blueprint
[2019.10.29-16.35.06:156][407]LogUObjectHash: Compacting FUObjectHashTables data took   2.64ms
[2019.10.29-16.35.07:123][519]Cmd: OBJ SAVEPACKAGE PACKAGE="/Game/Blueprints/Agua_Blueprint" FILE="../../../../../../git/DVI/Practicas/Practica2/Content/Blueprints/Agua_Blueprint.uasset" SILENT=true
[2019.10.29-16.35.07:142][519]LogSavePackage: Moving '../../../../../../git/DVI/Practicas/Practica2/Saved/Agua_Blueprint358DA0964A3C9354F0D2389862B7CDAD.tmp' to '../../../../../../git/DVI/Practicas/Practica2/Content/Blueprints/Agua_Blueprint.uasset'
[2019.10.29-16.35.08:640][697]LogSlate: Window 'Agua_Blueprint' being destroyed
[2019.10.29-16.35.15:688][536]LogSlate: FSceneViewport::OnFocusLost() reason 0
[2019.10.29-16.35.34:382][758]LogSlate: FSceneViewport::OnFocusLost() reason 0
[2019.10.29-16.35.36:222][974]LogSlate: FSceneViewport::OnFocusLost() reason 0
[2019.10.29-16.35.36:304][984]LogTemp: Repeating last play command: Selected Viewport
[2019.10.29-16.35.36:312][984]LogBlueprintUserMessages: Early PlayInEditor Detection: Level '/Game/FirstPersonBP/Maps/FirstPersonExampleMap.FirstPersonExampleMap:PersistentLevel' has LevelScriptBlueprint '/Game/FirstPersonBP/Maps/FirstPersonExampleMap.FirstPersonExampleMap:PersistentLevel.FirstPersonExampleMap' with GeneratedClass '/Game/FirstPersonBP/Maps/FirstPersonExampleMap.FirstPersonExampleMap_C' with ClassGeneratedBy '/Game/FirstPersonBP/Maps/FirstPersonExampleMap.FirstPersonExampleMap:PersistentLevel.FirstPersonExampleMap'
[2019.10.29-16.35.36:312][984]LogPlayLevel: PlayLevel: No blueprints needed recompiling
[2019.10.29-16.35.36:312][984]PIE: New page: PIE session: FirstPersonExampleMap (Oct 29, 2019, 6:35:36 PM)
[2019.10.29-16.35.36:312][984]LogPlayLevel: Creating play world package: /Game/FirstPersonBP/Maps/UEDPIE_0_FirstPersonExampleMap
[2019.10.29-16.35.36:321][984]LogPlayLevel: PIE: StaticDuplicateObject took: (0.008426s)
[2019.10.29-16.35.36:321][984]LogAIModule: Creating AISystem for world FirstPersonExampleMap
[2019.10.29-16.35.36:321][984]LogPlayLevel: PIE: World Init took: (0.000461s)
[2019.10.29-16.35.36:321][984]LogPlayLevel: PIE: Created PIE world by copying editor world from /Game/FirstPersonBP/Maps/FirstPersonExampleMap.FirstPersonExampleMap to /Game/FirstPersonBP/Maps/UEDPIE_0_FirstPersonExampleMap.FirstPersonExampleMap (0.008988s)
[2019.10.29-16.35.36:363][984]LogUObjectHash: Compacting FUObjectHashTables data took   3.10ms
[2019.10.29-16.35.36:376][984]LogInit: XAudio2 using 'Altavoces (Realtek High Definition Audio)' : 6 channels at 48 kHz using 32 bits per sample (channel mask 0x3f)
[2019.10.29-16.35.36:408][984]LogInit: FAudioDevice initialized.
[2019.10.29-16.35.36:439][984]LogLoad: Game class is 'FirstPersonGameMode_C'
[2019.10.29-16.35.36:441][984]LogWorld: Bringing World /Game/FirstPersonBP/Maps/UEDPIE_0_FirstPersonExampleMap.FirstPersonExampleMap up for play (max tick rate 0) at 2019.10.29-17.35.36
[2019.10.29-16.35.36:441][984]LogWorld: Bringing up level for play took: 0.001996
[2019.10.29-16.35.36:453][984]PIE: Play in editor start time for /Game/FirstPersonBP/Maps/UEDPIE_0_FirstPersonExampleMap -0.785
[2019.10.29-16.35.36:454][984]LogBlueprintUserMessages: Late PlayInEditor Detection: Level '/Game/FirstPersonBP/Maps/FirstPersonExampleMap.FirstPersonExampleMap:PersistentLevel' has LevelScriptBlueprint '/Game/FirstPersonBP/Maps/FirstPersonExampleMap.FirstPersonExampleMap:PersistentLevel.FirstPersonExampleMap' with GeneratedClass '/Game/FirstPersonBP/Maps/FirstPersonExampleMap.FirstPersonExampleMap_C' with ClassGeneratedBy '/Game/FirstPersonBP/Maps/FirstPersonExampleMap.FirstPersonExampleMap:PersistentLevel.FirstPersonExampleMap'
[2019.10.29-16.35.43:785][861]LogNet: Browse: /Game/FirstPersonBP/Maps/FirstPersonExampleMap
[2019.10.29-16.35.43:785][861]LogLoad: LoadMap: /Game/FirstPersonBP/Maps/FirstPersonExampleMap
[2019.10.29-16.35.43:824][861]LogUObjectHash: Compacting FUObjectHashTables data took   2.30ms
[2019.10.29-16.35.43:825][861]LogPlayLevel: Creating play world package: /Game/FirstPersonBP/Maps/UEDPIE_0_FirstPersonExampleMap
[2019.10.29-16.35.43:833][861]LogPlayLevel: PIE: StaticDuplicateObject took: (0.008708s)
[2019.10.29-16.35.43:834][861]LogAIModule: Creating AISystem for world FirstPersonExampleMap
[2019.10.29-16.35.43:834][861]LogPlayLevel: PIE: World Init took: (0.000394s)
[2019.10.29-16.35.43:834][861]LogPlayLevel: PIE: Created PIE world by copying editor world from /Game/FirstPersonBP/Maps/FirstPersonExampleMap.FirstPersonExampleMap to /Game/FirstPersonBP/Maps/UEDPIE_0_FirstPersonExampleMap.FirstPersonExampleMap (0.009217s)
[2019.10.29-16.35.43:834][861]LogLoad: Game class is 'FirstPersonGameMode_C'
[2019.10.29-16.35.43:840][861]LogWorld: Bringing World /Game/FirstPersonBP/Maps/UEDPIE_0_FirstPersonExampleMap.FirstPersonExampleMap up for play (max tick rate 0) at 2019.10.29-17.35.43
[2019.10.29-16.35.43:841][861]LogWorld: Bringing up level for play took: 0.006082
[2019.10.29-16.35.43:841][861]LogGameMode: FindPlayerStart: PATHS NOT DEFINED or NO PLAYERSTART with positive rating
[2019.10.29-16.35.43:841][861]LogLoad: Took 0.055997 seconds to LoadMap(/Game/FirstPersonBP/Maps/UEDPIE_0_FirstPersonExampleMap)
[2019.10.29-16.35.55:984][317]LogNet: Browse: /Game/FirstPersonBP/Maps/FirstPersonExampleMap
[2019.10.29-16.35.55:984][317]LogLoad: LoadMap: /Game/FirstPersonBP/Maps/FirstPersonExampleMap
[2019.10.29-16.35.56:006][317]LogUObjectHash: Compacting FUObjectHashTables data took   1.21ms
[2019.10.29-16.35.56:006][317]LogPlayLevel: Creating play world package: /Game/FirstPersonBP/Maps/UEDPIE_0_FirstPersonExampleMap
[2019.10.29-16.35.56:015][317]LogPlayLevel: PIE: StaticDuplicateObject took: (0.008291s)
[2019.10.29-16.35.56:015][317]LogAIModule: Creating AISystem for world FirstPersonExampleMap
[2019.10.29-16.35.56:015][317]LogPlayLevel: PIE: World Init took: (0.000386s)
[2019.10.29-16.35.56:015][317]LogPlayLevel: PIE: Created PIE world by copying editor world from /Game/FirstPersonBP/Maps/FirstPersonExampleMap.FirstPersonExampleMap to /Game/FirstPersonBP/Maps/UEDPIE_0_FirstPersonExampleMap.FirstPersonExampleMap (0.008795s)
[2019.10.29-16.35.56:015][317]LogLoad: Game class is 'FirstPersonGameMode_C'
[2019.10.29-16.35.56:023][317]LogWorld: Bringing World /Game/FirstPersonBP/Maps/UEDPIE_0_FirstPersonExampleMap.FirstPersonExampleMap up for play (max tick rate 0) at 2019.10.29-17.35.56
[2019.10.29-16.35.56:023][317]LogWorld: Bringing up level for play took: 0.007522
[2019.10.29-16.35.56:024][317]LogGameMode: FindPlayerStart: PATHS NOT DEFINED or NO PLAYERSTART with positive rating
[2019.10.29-16.35.56:024][317]LogLoad: Took 0.039788 seconds to LoadMap(/Game/FirstPersonBP/Maps/UEDPIE_0_FirstPersonExampleMap)
[2019.10.29-16.35.59:617][748]LogBlueprintUserMessages: Early EndPlayMap Detection: Level '/Game/FirstPersonBP/Maps/FirstPersonExampleMap.FirstPersonExampleMap:PersistentLevel' has LevelScriptBlueprint '/Game/FirstPersonBP/Maps/FirstPersonExampleMap.FirstPersonExampleMap:PersistentLevel.FirstPersonExampleMap' with GeneratedClass '/Game/FirstPersonBP/Maps/FirstPersonExampleMap.FirstPersonExampleMap_C' with ClassGeneratedBy '/Game/FirstPersonBP/Maps/FirstPersonExampleMap.FirstPersonExampleMap:PersistentLevel.FirstPersonExampleMap'
[2019.10.29-16.35.59:617][748]LogSlate: Updating window title bar state: overlay mode, drag disabled, window buttons hidden, title bar hidden
[2019.10.29-16.35.59:646][748]LogPlayLevel: Display: Shutting down PIE online subsystems
[2019.10.29-16.35.59:646][748]LogBlueprintUserMessages: Late EndPlayMap Detection: Level '/Game/FirstPersonBP/Maps/FirstPersonExampleMap.FirstPersonExampleMap:PersistentLevel' has LevelScriptBlueprint '/Game/FirstPersonBP/Maps/FirstPersonExampleMap.FirstPersonExampleMap:PersistentLevel.FirstPersonExampleMap' with GeneratedClass '/Game/FirstPersonBP/Maps/FirstPersonExampleMap.FirstPersonExampleMap_C' with ClassGeneratedBy '/Game/FirstPersonBP/Maps/FirstPersonExampleMap.FirstPersonExampleMap:PersistentLevel.FirstPersonExampleMap'
[2019.10.29-16.35.59:671][748]LogSlate: Updating window title bar state: overlay mode, drag disabled, window buttons hidden, title bar hidden
[2019.10.29-16.35.59:674][748]LogUObjectHash: Compacting FUObjectHashTables data took   1.57ms
[2019.10.29-16.35.59:718][752]LogPlayLevel: Display: Destroying online subsystem :Context_13
[2019.10.29-16.36.03:819][244]LogSlate: FSceneViewport::OnFocusLost() reason 0
[2019.10.29-16.36.08:384][634]LogAssetEditorManager: Opening Asset editor for Blueprint /Game/Blueprints/Agua_Blueprint.Agua_Blueprint
[2019.10.29-16.38.02:763][254]LogUObjectHash: Compacting FUObjectHashTables data took   0.59ms
[2019.10.29-16.38.02:897][254]LogSavePackage: Moving '../../../../../../git/DVI/Practicas/Practica2/Saved/FirstPersonExampleMapEDB7749D4D3FAD947FFDD4BE50FF8FAC.tmp' to '../../../../../../git/DVI/Practicas/Practica2/Content/FirstPersonBP/Maps/FirstPersonExampleMap.umap'
[2019.10.29-16.38.02:942][254]LogSavePackage: Moving '../../../../../../git/DVI/Practicas/Practica2/Saved/FirstPersonExampleMap_BuiltData4B6BF6F64213F5E3CBA5A29352205D4A.tmp' to '../../../../../../git/DVI/Practicas/Practica2/Content/FirstPersonBP/Maps/FirstPersonExampleMap_BuiltData.uasset'
